{"C:\\Users\\pro\\Documents\\Workspaces\\mobile\\JobScope-Frontend\\src\\components\\Accordion.jsx": {"path":"C:\\Users\\pro\\Documents\\Workspaces\\mobile\\JobScope-Frontend\\src\\components\\Accordion.jsx","statementMap":{"0":{"start":{"line":9,"column":28},"end":{"line":9,"column":43}},"1":{"start":{"line":10,"column":18},"end":{"line":10,"column":28}},"2":{"start":{"line":11,"column":19},"end":{"line":11,"column":47}},"3":{"start":{"line":13,"column":19},"end":{"line":16,"column":5}},"4":{"start":{"line":14,"column":8},"end":{"line":14,"column":77}},"5":{"start":{"line":15,"column":8},"end":{"line":15,"column":23}},"6":{"start":{"line":18,"column":4},"end":{"line":43,"column":6}}},"fnMap":{"0":{"name":"Accordion","decl":{"start":{"line":8,"column":24},"end":{"line":8,"column":33}},"loc":{"start":{"line":8,"column":55},"end":{"line":44,"column":1}},"line":8},"1":{"name":"(anonymous_1)","decl":{"start":{"line":13,"column":19},"end":{"line":13,"column":20}},"loc":{"start":{"line":13,"column":25},"end":{"line":16,"column":5}},"line":13}},"branchMap":{"0":{"loc":{"start":{"line":30,"column":26},"end":{"line":30,"column":49}},"type":"cond-expr","locations":[{"start":{"line":30,"column":33},"end":{"line":30,"column":40}},{"start":{"line":30,"column":43},"end":{"line":30,"column":49}}],"line":30},"1":{"loc":{"start":{"line":37,"column":13},"end":{"line":41,"column":13}},"type":"binary-expr","locations":[{"start":{"line":37,"column":13},"end":{"line":37,"column":17}},{"start":{"line":38,"column":16},"end":{"line":40,"column":23}}],"line":37}},"s":{"0":0,"1":0,"2":0,"3":0,"4":0,"5":0,"6":0},"f":{"0":0,"1":0},"b":{"0":[0,0],"1":[0,0]}}
,"C:\\Users\\pro\\Documents\\Workspaces\\mobile\\JobScope-Frontend\\src\\components\\Animated.jsx": {"path":"C:\\Users\\pro\\Documents\\Workspaces\\mobile\\JobScope-Frontend\\src\\components\\Animated.jsx","statementMap":{"0":{"start":{"line":5,"column":21},"end":{"line":5,"column":58}},"1":{"start":{"line":7,"column":4},"end":{"line":14,"column":19}},"2":{"start":{"line":8,"column":8},"end":{"line":8,"column":29}},"3":{"start":{"line":9,"column":8},"end":{"line":13,"column":19}},"4":{"start":{"line":16,"column":4},"end":{"line":32,"column":6}}},"fnMap":{"0":{"name":"AnimatedFadeSlide","decl":{"start":{"line":4,"column":24},"end":{"line":4,"column":41}},"loc":{"start":{"line":4,"column":72},"end":{"line":33,"column":1}},"line":4},"1":{"name":"(anonymous_1)","decl":{"start":{"line":7,"column":14},"end":{"line":7,"column":15}},"loc":{"start":{"line":7,"column":20},"end":{"line":14,"column":5}},"line":7}},"branchMap":{"0":{"loc":{"start":{"line":4,"column":54},"end":{"line":4,"column":68}},"type":"default-arg","locations":[{"start":{"line":4,"column":65},"end":{"line":4,"column":68}}],"line":4}},"s":{"0":0,"1":0,"2":0,"3":0,"4":0},"f":{"0":0,"1":0},"b":{"0":[0]}}
,"C:\\Users\\pro\\Documents\\Workspaces\\mobile\\JobScope-Frontend\\src\\components\\BackHeader.jsx": {"path":"C:\\Users\\pro\\Documents\\Workspaces\\mobile\\JobScope-Frontend\\src\\components\\BackHeader.jsx","statementMap":{"0":{"start":{"line":8,"column":21},"end":{"line":8,"column":36}},"1":{"start":{"line":9,"column":16},"end":{"line":9,"column":26}},"2":{"start":{"line":10,"column":17},"end":{"line":10,"column":46}},"3":{"start":{"line":12,"column":21},"end":{"line":20,"column":3}},"4":{"start":{"line":13,"column":4},"end":{"line":19,"column":5}},"5":{"start":{"line":14,"column":6},"end":{"line":14,"column":15}},"6":{"start":{"line":15,"column":11},"end":{"line":19,"column":5}},"7":{"start":{"line":16,"column":6},"end":{"line":16,"column":64}},"8":{"start":{"line":18,"column":6},"end":{"line":18,"column":26}},"9":{"start":{"line":22,"column":2},"end":{"line":43,"column":4}}},"fnMap":{"0":{"name":"BackHeader","decl":{"start":{"line":7,"column":24},"end":{"line":7,"column":34}},"loc":{"start":{"line":7,"column":85},"end":{"line":44,"column":1}},"line":7},"1":{"name":"(anonymous_1)","decl":{"start":{"line":12,"column":21},"end":{"line":12,"column":22}},"loc":{"start":{"line":12,"column":27},"end":{"line":20,"column":3}},"line":12}},"branchMap":{"0":{"loc":{"start":{"line":7,"column":37},"end":{"line":7,"column":54}},"type":"default-arg","locations":[{"start":{"line":7,"column":45},"end":{"line":7,"column":54}}],"line":7},"1":{"loc":{"start":{"line":7,"column":64},"end":{"line":7,"column":81}},"type":"default-arg","locations":[{"start":{"line":7,"column":77},"end":{"line":7,"column":81}}],"line":7},"2":{"loc":{"start":{"line":13,"column":4},"end":{"line":19,"column":5}},"type":"if","locations":[{"start":{"line":13,"column":4},"end":{"line":19,"column":5}},{"start":{"line":15,"column":11},"end":{"line":19,"column":5}}],"line":13},"3":{"loc":{"start":{"line":15,"column":11},"end":{"line":19,"column":5}},"type":"if","locations":[{"start":{"line":15,"column":11},"end":{"line":19,"column":5}},{"start":{"line":17,"column":11},"end":{"line":19,"column":5}}],"line":15},"4":{"loc":{"start":{"line":30,"column":17},"end":{"line":30,"column":56}},"type":"binary-expr","locations":[{"start":{"line":30,"column":17},"end":{"line":30,"column":42}},{"start":{"line":30,"column":46},"end":{"line":30,"column":56}}],"line":30},"5":{"loc":{"start":{"line":37,"column":19},"end":{"line":37,"column":57}},"type":"binary-expr","locations":[{"start":{"line":37,"column":19},"end":{"line":37,"column":43}},{"start":{"line":37,"column":47},"end":{"line":37,"column":57}}],"line":37}},"s":{"0":0,"1":0,"2":0,"3":0,"4":0,"5":0,"6":0,"7":0,"8":0,"9":0},"f":{"0":0,"1":0},"b":{"0":[0],"1":[0],"2":[0,0],"3":[0,0],"4":[0,0],"5":[0,0]}}
,"C:\\Users\\pro\\Documents\\Workspaces\\mobile\\JobScope-Frontend\\src\\components\\Bookmark.jsx": {"path":"C:\\Users\\pro\\Documents\\Workspaces\\mobile\\JobScope-Frontend\\src\\components\\Bookmark.jsx","statementMap":{"0":{"start":{"line":10,"column":16},"end":{"line":10,"column":26}},"1":{"start":{"line":11,"column":21},"end":{"line":11,"column":36}},"2":{"start":{"line":12,"column":20},"end":{"line":12,"column":40}},"3":{"start":{"line":13,"column":30},"end":{"line":13,"column":39}},"4":{"start":{"line":14,"column":41},"end":{"line":14,"column":55}},"5":{"start":{"line":16,"column":20},"end":{"line":16,"column":57}},"6":{"start":{"line":18,"column":24},"end":{"line":31,"column":3}},"7":{"start":{"line":19,"column":4},"end":{"line":19,"column":26}},"8":{"start":{"line":20,"column":4},"end":{"line":30,"column":7}},"9":{"start":{"line":25,"column":6},"end":{"line":29,"column":17}},"10":{"start":{"line":33,"column":23},"end":{"line":63,"column":3}},"11":{"start":{"line":34,"column":4},"end":{"line":34,"column":27}},"12":{"start":{"line":36,"column":4},"end":{"line":49,"column":5}},"13":{"start":{"line":37,"column":6},"end":{"line":47,"column":8}},"14":{"start":{"line":44,"column":27},"end":{"line":44,"column":55}},"15":{"start":{"line":48,"column":6},"end":{"line":48,"column":13}},"16":{"start":{"line":51,"column":4},"end":{"line":51,"column":23}},"17":{"start":{"line":51,"column":16},"end":{"line":51,"column":23}},"18":{"start":{"line":53,"column":4},"end":{"line":53,"column":20}},"19":{"start":{"line":55,"column":25},"end":{"line":55,"column":42}},"20":{"start":{"line":57,"column":4},"end":{"line":62,"column":5}},"21":{"start":{"line":58,"column":6},"end":{"line":58,"column":48}},"22":{"start":{"line":59,"column":6},"end":{"line":59,"column":39}},"23":{"start":{"line":61,"column":6},"end":{"line":61,"column":59}},"24":{"start":{"line":65,"column":16},"end":{"line":65,"column":33}},"25":{"start":{"line":67,"column":2},"end":{"line":81,"column":4}}},"fnMap":{"0":{"name":"Bookmark","decl":{"start":{"line":9,"column":24},"end":{"line":9,"column":32}},"loc":{"start":{"line":9,"column":61},"end":{"line":82,"column":1}},"line":9},"1":{"name":"(anonymous_1)","decl":{"start":{"line":18,"column":24},"end":{"line":18,"column":25}},"loc":{"start":{"line":18,"column":30},"end":{"line":31,"column":3}},"line":18},"2":{"name":"(anonymous_2)","decl":{"start":{"line":24,"column":13},"end":{"line":24,"column":14}},"loc":{"start":{"line":24,"column":19},"end":{"line":30,"column":5}},"line":24},"3":{"name":"(anonymous_3)","decl":{"start":{"line":33,"column":23},"end":{"line":33,"column":24}},"loc":{"start":{"line":33,"column":36},"end":{"line":63,"column":3}},"line":33},"4":{"name":"(anonymous_4)","decl":{"start":{"line":44,"column":21},"end":{"line":44,"column":22}},"loc":{"start":{"line":44,"column":27},"end":{"line":44,"column":55}},"line":44}},"branchMap":{"0":{"loc":{"start":{"line":36,"column":4},"end":{"line":49,"column":5}},"type":"if","locations":[{"start":{"line":36,"column":4},"end":{"line":49,"column":5}},{"start":{},"end":{}}],"line":36},"1":{"loc":{"start":{"line":51,"column":4},"end":{"line":51,"column":23}},"type":"if","locations":[{"start":{"line":51,"column":4},"end":{"line":51,"column":23}},{"start":{},"end":{}}],"line":51},"2":{"loc":{"start":{"line":75,"column":16},"end":{"line":75,"column":55}},"type":"cond-expr","locations":[{"start":{"line":75,"column":24},"end":{"line":75,"column":34}},{"start":{"line":75,"column":37},"end":{"line":75,"column":55}}],"line":75}},"s":{"0":0,"1":0,"2":0,"3":0,"4":0,"5":0,"6":0,"7":0,"8":0,"9":0,"10":0,"11":0,"12":0,"13":0,"14":0,"15":0,"16":0,"17":0,"18":0,"19":0,"20":0,"21":0,"22":0,"23":0,"24":0,"25":0},"f":{"0":0,"1":0,"2":0,"3":0,"4":0},"b":{"0":[0,0],"1":[0,0],"2":[0,0]}}
,"C:\\Users\\pro\\Documents\\Workspaces\\mobile\\JobScope-Frontend\\src\\components\\Button.jsx": {"path":"C:\\Users\\pro\\Documents\\Workspaces\\mobile\\JobScope-Frontend\\src\\components\\Button.jsx","statementMap":{"0":{"start":{"line":14,"column":16},"end":{"line":14,"column":26}},"1":{"start":{"line":15,"column":17},"end":{"line":15,"column":42}},"2":{"start":{"line":17,"column":23},"end":{"line":23,"column":3}},"3":{"start":{"line":25,"column":21},"end":{"line":30,"column":3}},"4":{"start":{"line":32,"column":22},"end":{"line":36,"column":3}},"5":{"start":{"line":33,"column":4},"end":{"line":35,"column":5}},"6":{"start":{"line":34,"column":6},"end":{"line":34,"column":16}},"7":{"start":{"line":38,"column":2},"end":{"line":47,"column":4}}},"fnMap":{"0":{"name":"Button","decl":{"start":{"line":5,"column":24},"end":{"line":5,"column":30}},"loc":{"start":{"line":13,"column":3},"end":{"line":48,"column":1}},"line":13},"1":{"name":"(anonymous_1)","decl":{"start":{"line":32,"column":22},"end":{"line":32,"column":23}},"loc":{"start":{"line":32,"column":28},"end":{"line":36,"column":3}},"line":32}},"branchMap":{"0":{"loc":{"start":{"line":8,"column":2},"end":{"line":8,"column":21}},"type":"default-arg","locations":[{"start":{"line":8,"column":12},"end":{"line":8,"column":21}}],"line":8},"1":{"loc":{"start":{"line":9,"column":2},"end":{"line":9,"column":17}},"type":"default-arg","locations":[{"start":{"line":9,"column":9},"end":{"line":9,"column":17}}],"line":9},"2":{"loc":{"start":{"line":10,"column":2},"end":{"line":10,"column":18}},"type":"default-arg","locations":[{"start":{"line":10,"column":13},"end":{"line":10,"column":18}}],"line":10},"3":{"loc":{"start":{"line":21,"column":4},"end":{"line":21,"column":31}},"type":"binary-expr","locations":[{"start":{"line":21,"column":4},"end":{"line":21,"column":12}},{"start":{"line":21,"column":16},"end":{"line":21,"column":31}}],"line":21},"4":{"loc":{"start":{"line":28,"column":4},"end":{"line":28,"column":35}},"type":"binary-expr","locations":[{"start":{"line":28,"column":4},"end":{"line":28,"column":12}},{"start":{"line":28,"column":16},"end":{"line":28,"column":35}}],"line":28},"5":{"loc":{"start":{"line":33,"column":4},"end":{"line":35,"column":5}},"type":"if","locations":[{"start":{"line":33,"column":4},"end":{"line":35,"column":5}},{"start":{},"end":{}}],"line":33}},"s":{"0":0,"1":0,"2":0,"3":0,"4":0,"5":0,"6":0,"7":0},"f":{"0":0,"1":0},"b":{"0":[0],"1":[0],"2":[0],"3":[0,0],"4":[0,0],"5":[0,0]}}
,"C:\\Users\\pro\\Documents\\Workspaces\\mobile\\JobScope-Frontend\\src\\components\\DashboardA.jsx": {"path":"C:\\Users\\pro\\Documents\\Workspaces\\mobile\\JobScope-Frontend\\src\\components\\DashboardA.jsx","statementMap":{"0":{"start":{"line":13,"column":16},"end":{"line":13,"column":26}},"1":{"start":{"line":14,"column":17},"end":{"line":14,"column":45}},"2":{"start":{"line":15,"column":38},"end":{"line":15,"column":50}},"3":{"start":{"line":16,"column":32},"end":{"line":16,"column":46}},"4":{"start":{"line":17,"column":28},"end":{"line":17,"column":42}},"5":{"start":{"line":19,"column":2},"end":{"line":42,"column":9}},"6":{"start":{"line":20,"column":30},"end":{"line":39,"column":5}},"7":{"start":{"line":21,"column":6},"end":{"line":21,"column":23}},"8":{"start":{"line":22,"column":6},"end":{"line":22,"column":21}},"9":{"start":{"line":23,"column":6},"end":{"line":38,"column":7}},"10":{"start":{"line":24,"column":25},"end":{"line":24,"column":61}},"11":{"start":{"line":27,"column":27},"end":{"line":27,"column":29}},"12":{"start":{"line":28,"column":8},"end":{"line":30,"column":11}},"13":{"start":{"line":29,"column":10},"end":{"line":29,"column":41}},"14":{"start":{"line":32,"column":8},"end":{"line":32,"column":34}},"15":{"start":{"line":34,"column":8},"end":{"line":34,"column":49}},"16":{"start":{"line":35,"column":8},"end":{"line":35,"column":27}},"17":{"start":{"line":37,"column":8},"end":{"line":37,"column":26}},"18":{"start":{"line":41,"column":4},"end":{"line":41,"column":24}},"19":{"start":{"line":44,"column":2},"end":{"line":105,"column":4}}},"fnMap":{"0":{"name":"DashboardA","decl":{"start":{"line":12,"column":24},"end":{"line":12,"column":34}},"loc":{"start":{"line":12,"column":37},"end":{"line":106,"column":1}},"line":12},"1":{"name":"(anonymous_1)","decl":{"start":{"line":19,"column":12},"end":{"line":19,"column":13}},"loc":{"start":{"line":19,"column":18},"end":{"line":42,"column":3}},"line":19},"2":{"name":"(anonymous_2)","decl":{"start":{"line":20,"column":30},"end":{"line":20,"column":31}},"loc":{"start":{"line":20,"column":42},"end":{"line":39,"column":5}},"line":20},"3":{"name":"(anonymous_3)","decl":{"start":{"line":28,"column":32},"end":{"line":28,"column":33}},"loc":{"start":{"line":28,"column":41},"end":{"line":30,"column":9}},"line":28}},"branchMap":{"0":{"loc":{"start":{"line":50,"column":7},"end":{"line":55,"column":7}},"type":"binary-expr","locations":[{"start":{"line":50,"column":7},"end":{"line":50,"column":14}},{"start":{"line":51,"column":8},"end":{"line":54,"column":15}}],"line":50},"1":{"loc":{"start":{"line":58,"column":7},"end":{"line":62,"column":7}},"type":"binary-expr","locations":[{"start":{"line":58,"column":7},"end":{"line":58,"column":12}},{"start":{"line":58,"column":16},"end":{"line":58,"column":24}},{"start":{"line":59,"column":8},"end":{"line":61,"column":15}}],"line":58},"2":{"loc":{"start":{"line":64,"column":7},"end":{"line":102,"column":7}},"type":"binary-expr","locations":[{"start":{"line":64,"column":7},"end":{"line":64,"column":41}},{"start":{"line":64,"column":45},"end":{"line":64,"column":53}},{"start":{"line":64,"column":57},"end":{"line":64,"column":63}},{"start":{"line":65,"column":8},"end":{"line":101,"column":15}}],"line":64},"3":{"loc":{"start":{"line":66,"column":11},"end":{"line":72,"column":11}},"type":"binary-expr","locations":[{"start":{"line":66,"column":11},"end":{"line":66,"column":47}},{"start":{"line":67,"column":12},"end":{"line":71,"column":14}}],"line":66},"4":{"loc":{"start":{"line":73,"column":11},"end":{"line":79,"column":11}},"type":"binary-expr","locations":[{"start":{"line":73,"column":11},"end":{"line":73,"column":32}},{"start":{"line":74,"column":12},"end":{"line":78,"column":14}}],"line":73},"5":{"loc":{"start":{"line":80,"column":11},"end":{"line":86,"column":11}},"type":"binary-expr","locations":[{"start":{"line":80,"column":11},"end":{"line":80,"column":43}},{"start":{"line":81,"column":12},"end":{"line":85,"column":14}}],"line":80},"6":{"loc":{"start":{"line":87,"column":11},"end":{"line":93,"column":11}},"type":"binary-expr","locations":[{"start":{"line":87,"column":11},"end":{"line":87,"column":37}},{"start":{"line":88,"column":12},"end":{"line":92,"column":14}}],"line":87},"7":{"loc":{"start":{"line":94,"column":11},"end":{"line":100,"column":11}},"type":"binary-expr","locations":[{"start":{"line":94,"column":11},"end":{"line":94,"column":45}},{"start":{"line":95,"column":12},"end":{"line":99,"column":14}}],"line":94}},"s":{"0":0,"1":0,"2":0,"3":0,"4":0,"5":0,"6":0,"7":0,"8":0,"9":0,"10":0,"11":0,"12":0,"13":0,"14":0,"15":0,"16":0,"17":0,"18":0,"19":0},"f":{"0":0,"1":0,"2":0,"3":0},"b":{"0":[0,0],"1":[0,0,0],"2":[0,0,0,0],"3":[0,0],"4":[0,0],"5":[0,0],"6":[0,0],"7":[0,0]}}
,"C:\\Users\\pro\\Documents\\Workspaces\\mobile\\JobScope-Frontend\\src\\components\\DashboardB.jsx": {"path":"C:\\Users\\pro\\Documents\\Workspaces\\mobile\\JobScope-Frontend\\src\\components\\DashboardB.jsx","statementMap":{"0":{"start":{"line":12,"column":16},"end":{"line":12,"column":92}},"1":{"start":{"line":15,"column":16},"end":{"line":15,"column":26}},"2":{"start":{"line":16,"column":17},"end":{"line":16,"column":45}},"3":{"start":{"line":17,"column":46},"end":{"line":17,"column":66}},"4":{"start":{"line":18,"column":32},"end":{"line":18,"column":47}},"5":{"start":{"line":19,"column":38},"end":{"line":19,"column":50}},"6":{"start":{"line":20,"column":32},"end":{"line":20,"column":47}},"7":{"start":{"line":21,"column":28},"end":{"line":21,"column":42}},"8":{"start":{"line":23,"column":21},"end":{"line":26,"column":5}},"9":{"start":{"line":23,"column":46},"end":{"line":26,"column":3}},"10":{"start":{"line":28,"column":33},"end":{"line":33,"column":3}},"11":{"start":{"line":29,"column":4},"end":{"line":32,"column":28}},"12":{"start":{"line":35,"column":2},"end":{"line":57,"column":23}},"13":{"start":{"line":36,"column":28},"end":{"line":54,"column":5}},"14":{"start":{"line":37,"column":6},"end":{"line":37,"column":23}},"15":{"start":{"line":38,"column":6},"end":{"line":38,"column":21}},"16":{"start":{"line":39,"column":6},"end":{"line":53,"column":7}},"17":{"start":{"line":40,"column":25},"end":{"line":40,"column":82}},"18":{"start":{"line":42,"column":27},"end":{"line":42,"column":29}},"19":{"start":{"line":43,"column":8},"end":{"line":45,"column":11}},"20":{"start":{"line":44,"column":10},"end":{"line":44,"column":41}},"21":{"start":{"line":47,"column":8},"end":{"line":47,"column":34}},"22":{"start":{"line":49,"column":8},"end":{"line":49,"column":52}},"23":{"start":{"line":50,"column":8},"end":{"line":50,"column":27}},"24":{"start":{"line":52,"column":8},"end":{"line":52,"column":26}},"25":{"start":{"line":56,"column":4},"end":{"line":56,"column":22}},"26":{"start":{"line":59,"column":2},"end":{"line":173,"column":4}},"27":{"start":{"line":85,"column":23},"end":{"line":85,"column":39}},"28":{"start":{"line":86,"column":22},"end":{"line":86,"column":39}},"29":{"start":{"line":88,"column":10},"end":{"line":88,"column":40}},"30":{"start":{"line":89,"column":10},"end":{"line":89,"column":28}},"31":{"start":{"line":93,"column":10},"end":{"line":113,"column":17}}},"fnMap":{"0":{"name":"DashboardB","decl":{"start":{"line":14,"column":24},"end":{"line":14,"column":34}},"loc":{"start":{"line":14,"column":37},"end":{"line":174,"column":1}},"line":14},"1":{"name":"(anonymous_1)","decl":{"start":{"line":23,"column":33},"end":{"line":23,"column":34}},"loc":{"start":{"line":23,"column":46},"end":{"line":26,"column":3}},"line":23},"2":{"name":"(anonymous_2)","decl":{"start":{"line":28,"column":33},"end":{"line":28,"column":34}},"loc":{"start":{"line":28,"column":45},"end":{"line":33,"column":3}},"line":28},"3":{"name":"(anonymous_3)","decl":{"start":{"line":35,"column":12},"end":{"line":35,"column":13}},"loc":{"start":{"line":35,"column":18},"end":{"line":57,"column":3}},"line":35},"4":{"name":"(anonymous_4)","decl":{"start":{"line":36,"column":28},"end":{"line":36,"column":29}},"loc":{"start":{"line":36,"column":40},"end":{"line":54,"column":5}},"line":36},"5":{"name":"(anonymous_5)","decl":{"start":{"line":43,"column":32},"end":{"line":43,"column":33}},"loc":{"start":{"line":43,"column":41},"end":{"line":45,"column":9}},"line":43},"6":{"name":"(anonymous_6)","decl":{"start":{"line":85,"column":17},"end":{"line":85,"column":18}},"loc":{"start":{"line":85,"column":23},"end":{"line":85,"column":39}},"line":85},"7":{"name":"(anonymous_7)","decl":{"start":{"line":86,"column":16},"end":{"line":86,"column":17}},"loc":{"start":{"line":86,"column":22},"end":{"line":86,"column":39}},"line":86},"8":{"name":"(anonymous_8)","decl":{"start":{"line":87,"column":18},"end":{"line":87,"column":19}},"loc":{"start":{"line":87,"column":28},"end":{"line":90,"column":9}},"line":87},"9":{"name":"(anonymous_9)","decl":{"start":{"line":92,"column":20},"end":{"line":92,"column":21}},"loc":{"start":{"line":93,"column":10},"end":{"line":113,"column":17}},"line":93}},"branchMap":{"0":{"loc":{"start":{"line":82,"column":21},"end":{"line":82,"column":57}},"type":"cond-expr","locations":[{"start":{"line":82,"column":32},"end":{"line":82,"column":49}},{"start":{"line":82,"column":52},"end":{"line":82,"column":57}}],"line":82},"1":{"loc":{"start":{"line":97,"column":31},"end":{"line":99,"column":35}},"type":"cond-expr","locations":[{"start":{"line":98,"column":18},"end":{"line":98,"column":44}},{"start":{"line":99,"column":18},"end":{"line":99,"column":35}}],"line":97},"2":{"loc":{"start":{"line":106,"column":23},"end":{"line":108,"column":44}},"type":"cond-expr","locations":[{"start":{"line":107,"column":20},"end":{"line":107,"column":39}},{"start":{"line":108,"column":20},"end":{"line":108,"column":44}}],"line":106},"3":{"loc":{"start":{"line":118,"column":7},"end":{"line":123,"column":7}},"type":"binary-expr","locations":[{"start":{"line":118,"column":7},"end":{"line":118,"column":14}},{"start":{"line":119,"column":8},"end":{"line":122,"column":15}}],"line":118},"4":{"loc":{"start":{"line":126,"column":7},"end":{"line":130,"column":7}},"type":"binary-expr","locations":[{"start":{"line":126,"column":7},"end":{"line":126,"column":12}},{"start":{"line":126,"column":16},"end":{"line":126,"column":24}},{"start":{"line":127,"column":8},"end":{"line":129,"column":15}}],"line":126},"5":{"loc":{"start":{"line":133,"column":7},"end":{"line":170,"column":7}},"type":"binary-expr","locations":[{"start":{"line":133,"column":7},"end":{"line":133,"column":41}},{"start":{"line":133,"column":45},"end":{"line":133,"column":53}},{"start":{"line":133,"column":57},"end":{"line":133,"column":63}},{"start":{"line":134,"column":8},"end":{"line":169,"column":15}}],"line":133},"6":{"loc":{"start":{"line":135,"column":11},"end":{"line":141,"column":11}},"type":"binary-expr","locations":[{"start":{"line":135,"column":11},"end":{"line":135,"column":77}},{"start":{"line":136,"column":12},"end":{"line":140,"column":14}}],"line":135},"7":{"loc":{"start":{"line":143,"column":11},"end":{"line":149,"column":11}},"type":"binary-expr","locations":[{"start":{"line":143,"column":11},"end":{"line":143,"column":83}},{"start":{"line":144,"column":12},"end":{"line":148,"column":14}}],"line":143},"8":{"loc":{"start":{"line":151,"column":11},"end":{"line":157,"column":11}},"type":"binary-expr","locations":[{"start":{"line":151,"column":11},"end":{"line":151,"column":89}},{"start":{"line":152,"column":12},"end":{"line":156,"column":14}}],"line":151},"9":{"loc":{"start":{"line":159,"column":11},"end":{"line":166,"column":11}},"type":"binary-expr","locations":[{"start":{"line":159,"column":11},"end":{"line":159,"column":79}},{"start":{"line":160,"column":12},"end":{"line":165,"column":14}}],"line":159}},"s":{"0":0,"1":0,"2":0,"3":0,"4":0,"5":0,"6":0,"7":0,"8":0,"9":0,"10":0,"11":0,"12":0,"13":0,"14":0,"15":0,"16":0,"17":0,"18":0,"19":0,"20":0,"21":0,"22":0,"23":0,"24":0,"25":0,"26":0,"27":0,"28":0,"29":0,"30":0,"31":0},"f":{"0":0,"1":0,"2":0,"3":0,"4":0,"5":0,"6":0,"7":0,"8":0,"9":0},"b":{"0":[0,0],"1":[0,0],"2":[0,0],"3":[0,0],"4":[0,0,0],"5":[0,0,0,0],"6":[0,0],"7":[0,0],"8":[0,0],"9":[0,0]}}
,"C:\\Users\\pro\\Documents\\Workspaces\\mobile\\JobScope-Frontend\\src\\components\\JobCard.jsx": {"path":"C:\\Users\\pro\\Documents\\Workspaces\\mobile\\JobScope-Frontend\\src\\components\\JobCard.jsx","statementMap":{"0":{"start":{"line":10,"column":16},"end":{"line":10,"column":26}},"1":{"start":{"line":11,"column":17},"end":{"line":11,"column":40}},"2":{"start":{"line":12,"column":21},"end":{"line":12,"column":36}},"3":{"start":{"line":14,"column":2},"end":{"line":16,"column":3}},"4":{"start":{"line":15,"column":4},"end":{"line":15,"column":16}},"5":{"start":{"line":18,"column":22},"end":{"line":22,"column":3}},"6":{"start":{"line":19,"column":4},"end":{"line":21,"column":7}},"7":{"start":{"line":24,"column":2},"end":{"line":75,"column":4}},"8":{"start":{"line":71,"column":10},"end":{"line":71,"column":44}}},"fnMap":{"0":{"name":"JobCard","decl":{"start":{"line":9,"column":24},"end":{"line":9,"column":31}},"loc":{"start":{"line":9,"column":59},"end":{"line":76,"column":1}},"line":9},"1":{"name":"(anonymous_1)","decl":{"start":{"line":18,"column":22},"end":{"line":18,"column":23}},"loc":{"start":{"line":18,"column":28},"end":{"line":22,"column":3}},"line":18},"2":{"name":"(anonymous_2)","decl":{"start":{"line":70,"column":23},"end":{"line":70,"column":24}},"loc":{"start":{"line":71,"column":10},"end":{"line":71,"column":44}},"line":71}},"branchMap":{"0":{"loc":{"start":{"line":14,"column":2},"end":{"line":16,"column":3}},"type":"if","locations":[{"start":{"line":14,"column":2},"end":{"line":16,"column":3}},{"start":{},"end":{}}],"line":14},"1":{"loc":{"start":{"line":20,"column":13},"end":{"line":20,"column":30}},"type":"binary-expr","locations":[{"start":{"line":20,"column":13},"end":{"line":20,"column":20}},{"start":{"line":20,"column":24},"end":{"line":20,"column":30}}],"line":20},"2":{"loc":{"start":{"line":32,"column":15},"end":{"line":32,"column":32}},"type":"binary-expr","locations":[{"start":{"line":32,"column":15},"end":{"line":32,"column":22}},{"start":{"line":32,"column":26},"end":{"line":32,"column":32}}],"line":32},"3":{"loc":{"start":{"line":66,"column":9},"end":{"line":66,"column":54}},"type":"binary-expr","locations":[{"start":{"line":66,"column":9},"end":{"line":66,"column":20}},{"start":{"line":66,"column":24},"end":{"line":66,"column":54}}],"line":66},"4":{"loc":{"start":{"line":68,"column":9},"end":{"line":68,"column":52}},"type":"binary-expr","locations":[{"start":{"line":68,"column":9},"end":{"line":68,"column":19}},{"start":{"line":68,"column":23},"end":{"line":68,"column":52}}],"line":68}},"s":{"0":0,"1":0,"2":0,"3":0,"4":0,"5":0,"6":0,"7":0,"8":0},"f":{"0":0,"1":0,"2":0},"b":{"0":[0,0],"1":[0,0],"2":[0,0],"3":[0,0],"4":[0,0]}}
,"C:\\Users\\pro\\Documents\\Workspaces\\mobile\\JobScope-Frontend\\src\\components\\JobHeader.jsx": {"path":"C:\\Users\\pro\\Documents\\Workspaces\\mobile\\JobScope-Frontend\\src\\components\\JobHeader.jsx","statementMap":{"0":{"start":{"line":9,"column":18},"end":{"line":9,"column":28}},"1":{"start":{"line":10,"column":38},"end":{"line":10,"column":47}},"2":{"start":{"line":11,"column":23},"end":{"line":11,"column":38}},"3":{"start":{"line":12,"column":19},"end":{"line":12,"column":44}},"4":{"start":{"line":14,"column":31},"end":{"line":18,"column":5}},"5":{"start":{"line":15,"column":8},"end":{"line":17,"column":11}},"6":{"start":{"line":20,"column":4},"end":{"line":49,"column":6}}},"fnMap":{"0":{"name":"JobHeader","decl":{"start":{"line":8,"column":24},"end":{"line":8,"column":33}},"loc":{"start":{"line":8,"column":94},"end":{"line":50,"column":1}},"line":8},"1":{"name":"(anonymous_1)","decl":{"start":{"line":14,"column":31},"end":{"line":14,"column":32}},"loc":{"start":{"line":14,"column":44},"end":{"line":18,"column":5}},"line":14}},"branchMap":{"0":{"loc":{"start":{"line":8,"column":36},"end":{"line":8,"column":54}},"type":"default-arg","locations":[{"start":{"line":8,"column":49},"end":{"line":8,"column":54}}],"line":8},"1":{"loc":{"start":{"line":8,"column":71},"end":{"line":8,"column":90}},"type":"default-arg","locations":[{"start":{"line":8,"column":88},"end":{"line":8,"column":90}}],"line":8},"2":{"loc":{"start":{"line":22,"column":13},"end":{"line":47,"column":13}},"type":"cond-expr","locations":[{"start":{"line":23,"column":16},"end":{"line":38,"column":23}},{"start":{"line":40,"column":16},"end":{"line":46,"column":23}}],"line":22},"3":{"loc":{"start":{"line":24,"column":21},"end":{"line":33,"column":21}},"type":"cond-expr","locations":[{"start":{"line":25,"column":24},"end":{"line":30,"column":31}},{"start":{"line":32,"column":24},"end":{"line":32,"column":66}}],"line":24},"4":{"loc":{"start":{"line":24,"column":21},"end":{"line":24,"column":44}},"type":"binary-expr","locations":[{"start":{"line":24,"column":21},"end":{"line":24,"column":36}},{"start":{"line":24,"column":40},"end":{"line":24,"column":44}}],"line":24},"5":{"loc":{"start":{"line":43,"column":38},"end":{"line":43,"column":64}},"type":"binary-expr","locations":[{"start":{"line":43,"column":38},"end":{"line":43,"column":58}},{"start":{"line":43,"column":62},"end":{"line":43,"column":64}}],"line":43}},"s":{"0":0,"1":0,"2":0,"3":0,"4":0,"5":0,"6":0},"f":{"0":0,"1":0},"b":{"0":[0],"1":[0],"2":[0,0],"3":[0,0],"4":[0,0],"5":[0,0]}}
,"C:\\Users\\pro\\Documents\\Workspaces\\mobile\\JobScope-Frontend\\src\\components\\JobTag.jsx": {"path":"C:\\Users\\pro\\Documents\\Workspaces\\mobile\\JobScope-Frontend\\src\\components\\JobTag.jsx","statementMap":{"0":{"start":{"line":6,"column":16},"end":{"line":6,"column":26}},"1":{"start":{"line":7,"column":17},"end":{"line":7,"column":51}},"2":{"start":{"line":9,"column":2},"end":{"line":13,"column":4}}},"fnMap":{"0":{"name":"JobTag","decl":{"start":{"line":5,"column":24},"end":{"line":5,"column":30}},"loc":{"start":{"line":5,"column":64},"end":{"line":14,"column":1}},"line":5}},"branchMap":{"0":{"loc":{"start":{"line":5,"column":40},"end":{"line":5,"column":54}},"type":"default-arg","locations":[{"start":{"line":5,"column":49},"end":{"line":5,"column":54}}],"line":5}},"s":{"0":0,"1":0,"2":0},"f":{"0":0},"b":{"0":[0]}}
,"C:\\Users\\pro\\Documents\\Workspaces\\mobile\\JobScope-Frontend\\src\\components\\ResponsiveGrid.jsx": {"path":"C:\\Users\\pro\\Documents\\Workspaces\\mobile\\JobScope-Frontend\\src\\components\\ResponsiveGrid.jsx","statementMap":{"0":{"start":{"line":14,"column":21},"end":{"line":14,"column":37}},"1":{"start":{"line":15,"column":20},"end":{"line":15,"column":41}},"2":{"start":{"line":16,"column":16},"end":{"line":16,"column":37}},"3":{"start":{"line":18,"column":21},"end":{"line":23,"column":3}},"4":{"start":{"line":19,"column":4},"end":{"line":19,"column":37}},"5":{"start":{"line":19,"column":16},"end":{"line":19,"column":37}},"6":{"start":{"line":20,"column":4},"end":{"line":20,"column":45}},"7":{"start":{"line":20,"column":23},"end":{"line":20,"column":45}},"8":{"start":{"line":21,"column":4},"end":{"line":21,"column":44}},"9":{"start":{"line":21,"column":22},"end":{"line":21,"column":44}},"10":{"start":{"line":22,"column":4},"end":{"line":22,"column":26}},"11":{"start":{"line":25,"column":18},"end":{"line":25,"column":30}},"12":{"start":{"line":26,"column":16},"end":{"line":26,"column":63}},"13":{"start":{"line":28,"column":2},"end":{"line":51,"column":4}},"14":{"start":{"line":37,"column":8},"end":{"line":48,"column":15}}},"fnMap":{"0":{"name":"ResponsiveGrid","decl":{"start":{"line":4,"column":24},"end":{"line":4,"column":38}},"loc":{"start":{"line":13,"column":3},"end":{"line":52,"column":1}},"line":13},"1":{"name":"(anonymous_1)","decl":{"start":{"line":18,"column":21},"end":{"line":18,"column":22}},"loc":{"start":{"line":18,"column":27},"end":{"line":23,"column":3}},"line":18},"2":{"name":"(anonymous_2)","decl":{"start":{"line":36,"column":17},"end":{"line":36,"column":18}},"loc":{"start":{"line":37,"column":8},"end":{"line":48,"column":15}},"line":37}},"branchMap":{"0":{"loc":{"start":{"line":6,"column":2},"end":{"line":6,"column":14}},"type":"default-arg","locations":[{"start":{"line":6,"column":12},"end":{"line":6,"column":14}}],"line":6},"1":{"loc":{"start":{"line":7,"column":2},"end":{"line":11,"column":3}},"type":"default-arg","locations":[{"start":{"line":7,"column":16},"end":{"line":11,"column":3}}],"line":7},"2":{"loc":{"start":{"line":12,"column":2},"end":{"line":12,"column":19}},"type":"default-arg","locations":[{"start":{"line":12,"column":18},"end":{"line":12,"column":19}}],"line":12},"3":{"loc":{"start":{"line":19,"column":4},"end":{"line":19,"column":37}},"type":"if","locations":[{"start":{"line":19,"column":4},"end":{"line":19,"column":37}},{"start":{},"end":{}}],"line":19},"4":{"loc":{"start":{"line":20,"column":4},"end":{"line":20,"column":45}},"type":"if","locations":[{"start":{"line":20,"column":4},"end":{"line":20,"column":45}},{"start":{},"end":{}}],"line":20},"5":{"loc":{"start":{"line":21,"column":4},"end":{"line":21,"column":44}},"type":"if","locations":[{"start":{"line":21,"column":4},"end":{"line":21,"column":44}},{"start":{},"end":{}}],"line":21},"6":{"loc":{"start":{"line":26,"column":16},"end":{"line":26,"column":63}},"type":"cond-expr","locations":[{"start":{"line":26,"column":42},"end":{"line":26,"column":50}},{"start":{"line":26,"column":53},"end":{"line":26,"column":63}}],"line":26},"7":{"loc":{"start":{"line":32,"column":8},"end":{"line":32,"column":55}},"type":"binary-expr","locations":[{"start":{"line":32,"column":9},"end":{"line":32,"column":14}},{"start":{"line":32,"column":18},"end":{"line":32,"column":35}},{"start":{"line":32,"column":40},"end":{"line":32,"column":55}}],"line":32},"8":{"loc":{"start":{"line":38,"column":15},"end":{"line":38,"column":33}},"type":"binary-expr","locations":[{"start":{"line":38,"column":15},"end":{"line":38,"column":24}},{"start":{"line":38,"column":28},"end":{"line":38,"column":33}}],"line":38},"9":{"loc":{"start":{"line":41,"column":12},"end":{"line":44,"column":13}},"type":"binary-expr","locations":[{"start":{"line":41,"column":13},"end":{"line":41,"column":18}},{"start":{"line":41,"column":22},"end":{"line":41,"column":39}},{"start":{"line":41,"column":44},"end":{"line":44,"column":13}}],"line":41}},"s":{"0":0,"1":0,"2":0,"3":0,"4":0,"5":0,"6":0,"7":0,"8":0,"9":0,"10":0,"11":0,"12":0,"13":0,"14":0},"f":{"0":0,"1":0,"2":0},"b":{"0":[0],"1":[0],"2":[0],"3":[0,0],"4":[0,0],"5":[0,0],"6":[0,0],"7":[0,0,0],"8":[0,0],"9":[0,0,0]}}
,"C:\\Users\\pro\\Documents\\Workspaces\\mobile\\JobScope-Frontend\\src\\components\\SearchBar.jsx": {"path":"C:\\Users\\pro\\Documents\\Workspaces\\mobile\\JobScope-Frontend\\src\\components\\SearchBar.jsx","statementMap":{"0":{"start":{"line":20,"column":16},"end":{"line":20,"column":26}},"1":{"start":{"line":21,"column":17},"end":{"line":21,"column":45}},"2":{"start":{"line":22,"column":38},"end":{"line":22,"column":60}},"3":{"start":{"line":23,"column":42},"end":{"line":23,"column":57}},"4":{"start":{"line":25,"column":32},"end":{"line":35,"column":4}},"5":{"start":{"line":37,"column":29},"end":{"line":60,"column":3}},"6":{"start":{"line":38,"column":23},"end":{"line":38,"column":59}},"7":{"start":{"line":40,"column":4},"end":{"line":59,"column":5}},"8":{"start":{"line":41,"column":6},"end":{"line":41,"column":33}},"9":{"start":{"line":43,"column":6},"end":{"line":55,"column":7}},"10":{"start":{"line":44,"column":8},"end":{"line":44,"column":26}},"11":{"start":{"line":45,"column":8},"end":{"line":54,"column":11}},"12":{"start":{"line":57,"column":9},"end":{"line":59,"column":5}},"13":{"start":{"line":58,"column":6},"end":{"line":58,"column":32}},"14":{"start":{"line":62,"column":28},"end":{"line":87,"column":3}},"15":{"start":{"line":63,"column":23},"end":{"line":63,"column":59}},"16":{"start":{"line":65,"column":4},"end":{"line":65,"column":27}},"17":{"start":{"line":67,"column":4},"end":{"line":86,"column":5}},"18":{"start":{"line":68,"column":6},"end":{"line":68,"column":33}},"19":{"start":{"line":70,"column":6},"end":{"line":82,"column":7}},"20":{"start":{"line":71,"column":8},"end":{"line":71,"column":26}},"21":{"start":{"line":72,"column":8},"end":{"line":81,"column":11}},"22":{"start":{"line":84,"column":9},"end":{"line":86,"column":5}},"23":{"start":{"line":85,"column":6},"end":{"line":85,"column":32}},"24":{"start":{"line":90,"column":22},"end":{"line":111,"column":3}},"25":{"start":{"line":91,"column":25},"end":{"line":100,"column":5}},"26":{"start":{"line":102,"column":4},"end":{"line":102,"column":29}},"27":{"start":{"line":103,"column":4},"end":{"line":103,"column":22}},"28":{"start":{"line":104,"column":23},"end":{"line":104,"column":56}},"29":{"start":{"line":106,"column":4},"end":{"line":106,"column":27}},"30":{"start":{"line":108,"column":4},"end":{"line":110,"column":5}},"31":{"start":{"line":109,"column":6},"end":{"line":109,"column":32}},"32":{"start":{"line":113,"column":23},"end":{"line":115,"column":3}},"33":{"start":{"line":114,"column":4},"end":{"line":114,"column":57}},"34":{"start":{"line":114,"column":24},"end":{"line":114,"column":54}},"35":{"start":{"line":118,"column":26},"end":{"line":142,"column":3}},"36":{"start":{"line":119,"column":23},"end":{"line":123,"column":5}},"37":{"start":{"line":126,"column":4},"end":{"line":126,"column":65}},"38":{"start":{"line":126,"column":28},"end":{"line":126,"column":65}},"39":{"start":{"line":127,"column":4},"end":{"line":127,"column":65}},"40":{"start":{"line":127,"column":28},"end":{"line":127,"column":65}},"41":{"start":{"line":128,"column":4},"end":{"line":128,"column":64}},"42":{"start":{"line":128,"column":28},"end":{"line":128,"column":64}},"43":{"start":{"line":129,"column":4},"end":{"line":129,"column":68}},"44":{"start":{"line":129,"column":30},"end":{"line":129,"column":68}},"45":{"start":{"line":132,"column":4},"end":{"line":132,"column":63}},"46":{"start":{"line":132,"column":26},"end":{"line":132,"column":63}},"47":{"start":{"line":133,"column":4},"end":{"line":133,"column":57}},"48":{"start":{"line":133,"column":23},"end":{"line":133,"column":57}},"49":{"start":{"line":134,"column":4},"end":{"line":134,"column":63}},"50":{"start":{"line":134,"column":26},"end":{"line":134,"column":63}},"51":{"start":{"line":135,"column":4},"end":{"line":135,"column":59}},"52":{"start":{"line":135,"column":24},"end":{"line":135,"column":59}},"53":{"start":{"line":137,"column":4},"end":{"line":137,"column":67}},"54":{"start":{"line":137,"column":41},"end":{"line":137,"column":67}},"55":{"start":{"line":138,"column":4},"end":{"line":138,"column":73}},"56":{"start":{"line":138,"column":44},"end":{"line":138,"column":73}},"57":{"start":{"line":139,"column":4},"end":{"line":139,"column":51}},"58":{"start":{"line":139,"column":27},"end":{"line":139,"column":51}},"59":{"start":{"line":141,"column":4},"end":{"line":141,"column":22}},"60":{"start":{"line":145,"column":2},"end":{"line":275,"column":4}},"61":{"start":{"line":172,"column":25},"end":{"line":172,"column":46}},"62":{"start":{"line":187,"column":30},"end":{"line":187,"column":52}},"63":{"start":{"line":192,"column":25},"end":{"line":192,"column":47}},"64":{"start":{"line":197,"column":28},"end":{"line":197,"column":47}},"65":{"start":{"line":210,"column":36},"end":{"line":210,"column":60}},"66":{"start":{"line":216,"column":36},"end":{"line":216,"column":60}},"67":{"start":{"line":221,"column":36},"end":{"line":221,"column":60}},"68":{"start":{"line":226,"column":36},"end":{"line":226,"column":62}},"69":{"start":{"line":235,"column":36},"end":{"line":235,"column":58}},"70":{"start":{"line":240,"column":36},"end":{"line":240,"column":55}},"71":{"start":{"line":245,"column":36},"end":{"line":245,"column":58}},"72":{"start":{"line":250,"column":36},"end":{"line":250,"column":56}},"73":{"start":{"line":280,"column":16},"end":{"line":280,"column":26}},"74":{"start":{"line":281,"column":17},"end":{"line":281,"column":45}},"75":{"start":{"line":283,"column":2},"end":{"line":301,"column":4}}},"fnMap":{"0":{"name":"SearchBar","decl":{"start":{"line":11,"column":24},"end":{"line":11,"column":33}},"loc":{"start":{"line":18,"column":3},"end":{"line":276,"column":1}},"line":18},"1":{"name":"(anonymous_1)","decl":{"start":{"line":37,"column":29},"end":{"line":37,"column":30}},"loc":{"start":{"line":37,"column":35},"end":{"line":60,"column":3}},"line":37},"2":{"name":"(anonymous_2)","decl":{"start":{"line":62,"column":28},"end":{"line":62,"column":29}},"loc":{"start":{"line":62,"column":34},"end":{"line":87,"column":3}},"line":62},"3":{"name":"(anonymous_3)","decl":{"start":{"line":90,"column":22},"end":{"line":90,"column":23}},"loc":{"start":{"line":90,"column":28},"end":{"line":111,"column":3}},"line":90},"4":{"name":"(anonymous_4)","decl":{"start":{"line":113,"column":23},"end":{"line":113,"column":24}},"loc":{"start":{"line":113,"column":30},"end":{"line":115,"column":3}},"line":113},"5":{"name":"(anonymous_5)","decl":{"start":{"line":114,"column":15},"end":{"line":114,"column":16}},"loc":{"start":{"line":114,"column":24},"end":{"line":114,"column":54}},"line":114},"6":{"name":"(anonymous_6)","decl":{"start":{"line":118,"column":26},"end":{"line":118,"column":27}},"loc":{"start":{"line":118,"column":48},"end":{"line":142,"column":3}},"line":118},"7":{"name":"(anonymous_7)","decl":{"start":{"line":172,"column":19},"end":{"line":172,"column":20}},"loc":{"start":{"line":172,"column":25},"end":{"line":172,"column":46}},"line":172},"8":{"name":"(anonymous_8)","decl":{"start":{"line":187,"column":24},"end":{"line":187,"column":25}},"loc":{"start":{"line":187,"column":30},"end":{"line":187,"column":52}},"line":187},"9":{"name":"(anonymous_9)","decl":{"start":{"line":192,"column":19},"end":{"line":192,"column":20}},"loc":{"start":{"line":192,"column":25},"end":{"line":192,"column":47}},"line":192},"10":{"name":"(anonymous_10)","decl":{"start":{"line":197,"column":21},"end":{"line":197,"column":22}},"loc":{"start":{"line":197,"column":28},"end":{"line":197,"column":47}},"line":197},"11":{"name":"(anonymous_11)","decl":{"start":{"line":210,"column":30},"end":{"line":210,"column":31}},"loc":{"start":{"line":210,"column":36},"end":{"line":210,"column":60}},"line":210},"12":{"name":"(anonymous_12)","decl":{"start":{"line":216,"column":30},"end":{"line":216,"column":31}},"loc":{"start":{"line":216,"column":36},"end":{"line":216,"column":60}},"line":216},"13":{"name":"(anonymous_13)","decl":{"start":{"line":221,"column":30},"end":{"line":221,"column":31}},"loc":{"start":{"line":221,"column":36},"end":{"line":221,"column":60}},"line":221},"14":{"name":"(anonymous_14)","decl":{"start":{"line":226,"column":30},"end":{"line":226,"column":31}},"loc":{"start":{"line":226,"column":36},"end":{"line":226,"column":62}},"line":226},"15":{"name":"(anonymous_15)","decl":{"start":{"line":235,"column":30},"end":{"line":235,"column":31}},"loc":{"start":{"line":235,"column":36},"end":{"line":235,"column":58}},"line":235},"16":{"name":"(anonymous_16)","decl":{"start":{"line":240,"column":30},"end":{"line":240,"column":31}},"loc":{"start":{"line":240,"column":36},"end":{"line":240,"column":55}},"line":240},"17":{"name":"(anonymous_17)","decl":{"start":{"line":245,"column":30},"end":{"line":245,"column":31}},"loc":{"start":{"line":245,"column":36},"end":{"line":245,"column":58}},"line":245},"18":{"name":"(anonymous_18)","decl":{"start":{"line":250,"column":30},"end":{"line":250,"column":31}},"loc":{"start":{"line":250,"column":36},"end":{"line":250,"column":56}},"line":250},"19":{"name":"CheckBoxItem","decl":{"start":{"line":279,"column":9},"end":{"line":279,"column":21}},"loc":{"start":{"line":279,"column":52},"end":{"line":302,"column":1}},"line":279}},"branchMap":{"0":{"loc":{"start":{"line":14,"column":2},"end":{"line":14,"column":31}},"type":"default-arg","locations":[{"start":{"line":14,"column":16},"end":{"line":14,"column":31}}],"line":14},"1":{"loc":{"start":{"line":15,"column":2},"end":{"line":15,"column":19}},"type":"default-arg","locations":[{"start":{"line":15,"column":17},"end":{"line":15,"column":19}}],"line":15},"2":{"loc":{"start":{"line":16,"column":2},"end":{"line":16,"column":21}},"type":"default-arg","locations":[{"start":{"line":16,"column":19},"end":{"line":16,"column":21}}],"line":16},"3":{"loc":{"start":{"line":17,"column":2},"end":{"line":17,"column":23}},"type":"default-arg","locations":[{"start":{"line":17,"column":18},"end":{"line":17,"column":23}}],"line":17},"4":{"loc":{"start":{"line":26,"column":14},"end":{"line":26,"column":68}},"type":"binary-expr","locations":[{"start":{"line":26,"column":14},"end":{"line":26,"column":59}},{"start":{"line":26,"column":63},"end":{"line":26,"column":68}}],"line":26},"5":{"loc":{"start":{"line":27,"column":14},"end":{"line":27,"column":68}},"type":"binary-expr","locations":[{"start":{"line":27,"column":14},"end":{"line":27,"column":59}},{"start":{"line":27,"column":63},"end":{"line":27,"column":68}}],"line":27},"6":{"loc":{"start":{"line":28,"column":14},"end":{"line":28,"column":67}},"type":"binary-expr","locations":[{"start":{"line":28,"column":14},"end":{"line":28,"column":58}},{"start":{"line":28,"column":62},"end":{"line":28,"column":67}}],"line":28},"7":{"loc":{"start":{"line":29,"column":16},"end":{"line":29,"column":71}},"type":"binary-expr","locations":[{"start":{"line":29,"column":16},"end":{"line":29,"column":62}},{"start":{"line":29,"column":66},"end":{"line":29,"column":71}}],"line":29},"8":{"loc":{"start":{"line":31,"column":11},"end":{"line":31,"column":64}},"type":"binary-expr","locations":[{"start":{"line":31,"column":11},"end":{"line":31,"column":55}},{"start":{"line":31,"column":59},"end":{"line":31,"column":64}}],"line":31},"9":{"loc":{"start":{"line":32,"column":18},"end":{"line":32,"column":78}},"type":"binary-expr","locations":[{"start":{"line":32,"column":18},"end":{"line":32,"column":69}},{"start":{"line":32,"column":73},"end":{"line":32,"column":78}}],"line":32},"10":{"loc":{"start":{"line":33,"column":12},"end":{"line":33,"column":66}},"type":"binary-expr","locations":[{"start":{"line":33,"column":12},"end":{"line":33,"column":57}},{"start":{"line":33,"column":61},"end":{"line":33,"column":66}}],"line":33},"11":{"loc":{"start":{"line":34,"column":10},"end":{"line":34,"column":62}},"type":"binary-expr","locations":[{"start":{"line":34,"column":10},"end":{"line":34,"column":53}},{"start":{"line":34,"column":57},"end":{"line":34,"column":62}}],"line":34},"12":{"loc":{"start":{"line":40,"column":4},"end":{"line":59,"column":5}},"type":"if","locations":[{"start":{"line":40,"column":4},"end":{"line":59,"column":5}},{"start":{"line":57,"column":9},"end":{"line":59,"column":5}}],"line":40},"13":{"loc":{"start":{"line":43,"column":6},"end":{"line":55,"column":7}},"type":"if","locations":[{"start":{"line":43,"column":6},"end":{"line":55,"column":7}},{"start":{},"end":{}}],"line":43},"14":{"loc":{"start":{"line":57,"column":9},"end":{"line":59,"column":5}},"type":"if","locations":[{"start":{"line":57,"column":9},"end":{"line":59,"column":5}},{"start":{},"end":{}}],"line":57},"15":{"loc":{"start":{"line":67,"column":4},"end":{"line":86,"column":5}},"type":"if","locations":[{"start":{"line":67,"column":4},"end":{"line":86,"column":5}},{"start":{"line":84,"column":9},"end":{"line":86,"column":5}}],"line":67},"16":{"loc":{"start":{"line":70,"column":6},"end":{"line":82,"column":7}},"type":"if","locations":[{"start":{"line":70,"column":6},"end":{"line":82,"column":7}},{"start":{},"end":{}}],"line":70},"17":{"loc":{"start":{"line":84,"column":9},"end":{"line":86,"column":5}},"type":"if","locations":[{"start":{"line":84,"column":9},"end":{"line":86,"column":5}},{"start":{},"end":{}}],"line":84},"18":{"loc":{"start":{"line":108,"column":4},"end":{"line":110,"column":5}},"type":"if","locations":[{"start":{"line":108,"column":4},"end":{"line":110,"column":5}},{"start":{},"end":{}}],"line":108},"19":{"loc":{"start":{"line":120,"column":13},"end":{"line":120,"column":31}},"type":"binary-expr","locations":[{"start":{"line":120,"column":13},"end":{"line":120,"column":18}},{"start":{"line":120,"column":22},"end":{"line":120,"column":31}}],"line":120},"20":{"loc":{"start":{"line":126,"column":4},"end":{"line":126,"column":65}},"type":"if","locations":[{"start":{"line":126,"column":4},"end":{"line":126,"column":65}},{"start":{},"end":{}}],"line":126},"21":{"loc":{"start":{"line":127,"column":4},"end":{"line":127,"column":65}},"type":"if","locations":[{"start":{"line":127,"column":4},"end":{"line":127,"column":65}},{"start":{},"end":{}}],"line":127},"22":{"loc":{"start":{"line":128,"column":4},"end":{"line":128,"column":64}},"type":"if","locations":[{"start":{"line":128,"column":4},"end":{"line":128,"column":64}},{"start":{},"end":{}}],"line":128},"23":{"loc":{"start":{"line":129,"column":4},"end":{"line":129,"column":68}},"type":"if","locations":[{"start":{"line":129,"column":4},"end":{"line":129,"column":68}},{"start":{},"end":{}}],"line":129},"24":{"loc":{"start":{"line":132,"column":4},"end":{"line":132,"column":63}},"type":"if","locations":[{"start":{"line":132,"column":4},"end":{"line":132,"column":63}},{"start":{},"end":{}}],"line":132},"25":{"loc":{"start":{"line":133,"column":4},"end":{"line":133,"column":57}},"type":"if","locations":[{"start":{"line":133,"column":4},"end":{"line":133,"column":57}},{"start":{},"end":{}}],"line":133},"26":{"loc":{"start":{"line":134,"column":4},"end":{"line":134,"column":63}},"type":"if","locations":[{"start":{"line":134,"column":4},"end":{"line":134,"column":63}},{"start":{},"end":{}}],"line":134},"27":{"loc":{"start":{"line":135,"column":4},"end":{"line":135,"column":59}},"type":"if","locations":[{"start":{"line":135,"column":4},"end":{"line":135,"column":59}},{"start":{},"end":{}}],"line":135},"28":{"loc":{"start":{"line":137,"column":4},"end":{"line":137,"column":67}},"type":"if","locations":[{"start":{"line":137,"column":4},"end":{"line":137,"column":67}},{"start":{},"end":{}}],"line":137},"29":{"loc":{"start":{"line":138,"column":4},"end":{"line":138,"column":73}},"type":"if","locations":[{"start":{"line":138,"column":4},"end":{"line":138,"column":73}},{"start":{},"end":{}}],"line":138},"30":{"loc":{"start":{"line":139,"column":4},"end":{"line":139,"column":51}},"type":"if","locations":[{"start":{"line":139,"column":4},"end":{"line":139,"column":51}},{"start":{},"end":{}}],"line":139},"31":{"loc":{"start":{"line":288,"column":15},"end":{"line":288,"column":57}},"type":"cond-expr","locations":[{"start":{"line":288,"column":25},"end":{"line":288,"column":45}},{"start":{"line":288,"column":48},"end":{"line":288,"column":57}}],"line":288}},"s":{"0":0,"1":0,"2":0,"3":0,"4":0,"5":0,"6":0,"7":0,"8":0,"9":0,"10":0,"11":0,"12":0,"13":0,"14":0,"15":0,"16":0,"17":0,"18":0,"19":0,"20":0,"21":0,"22":0,"23":0,"24":0,"25":0,"26":0,"27":0,"28":0,"29":0,"30":0,"31":0,"32":0,"33":0,"34":0,"35":0,"36":0,"37":0,"38":0,"39":0,"40":0,"41":0,"42":0,"43":0,"44":0,"45":0,"46":0,"47":0,"48":0,"49":0,"50":0,"51":0,"52":0,"53":0,"54":0,"55":0,"56":0,"57":0,"58":0,"59":0,"60":0,"61":0,"62":0,"63":0,"64":0,"65":0,"66":0,"67":0,"68":0,"69":0,"70":0,"71":0,"72":0,"73":0,"74":0,"75":0},"f":{"0":0,"1":0,"2":0,"3":0,"4":0,"5":0,"6":0,"7":0,"8":0,"9":0,"10":0,"11":0,"12":0,"13":0,"14":0,"15":0,"16":0,"17":0,"18":0,"19":0},"b":{"0":[0],"1":[0],"2":[0],"3":[0],"4":[0,0],"5":[0,0],"6":[0,0],"7":[0,0],"8":[0,0],"9":[0,0],"10":[0,0],"11":[0,0],"12":[0,0],"13":[0,0],"14":[0,0],"15":[0,0],"16":[0,0],"17":[0,0],"18":[0,0],"19":[0,0],"20":[0,0],"21":[0,0],"22":[0,0],"23":[0,0],"24":[0,0],"25":[0,0],"26":[0,0],"27":[0,0],"28":[0,0],"29":[0,0],"30":[0,0],"31":[0,0]}}
,"C:\\Users\\pro\\Documents\\Workspaces\\mobile\\JobScope-Frontend\\src\\components\\SplashScreen.jsx": {"path":"C:\\Users\\pro\\Documents\\Workspaces\\mobile\\JobScope-Frontend\\src\\components\\SplashScreen.jsx","statementMap":{"0":{"start":{"line":5,"column":20},"end":{"line":5,"column":57}},"1":{"start":{"line":6,"column":22},"end":{"line":6,"column":59}},"2":{"start":{"line":8,"column":2},"end":{"line":54,"column":9}},"3":{"start":{"line":9,"column":4},"end":{"line":13,"column":15}},"4":{"start":{"line":15,"column":27},"end":{"line":30,"column":5}},"5":{"start":{"line":32,"column":4},"end":{"line":32,"column":27}},"6":{"start":{"line":34,"column":4},"end":{"line":51,"column":13}},"7":{"start":{"line":35,"column":6},"end":{"line":35,"column":28}},"8":{"start":{"line":37,"column":6},"end":{"line":50,"column":9}},"9":{"start":{"line":49,"column":8},"end":{"line":49,"column":19}},"10":{"start":{"line":53,"column":4},"end":{"line":53,"column":39}},"11":{"start":{"line":53,"column":17},"end":{"line":53,"column":38}},"12":{"start":{"line":56,"column":2},"end":{"line":71,"column":4}},"13":{"start":{"line":74,"column":15},"end":{"line":84,"column":2}}},"fnMap":{"0":{"name":"SplashScreen","decl":{"start":{"line":4,"column":24},"end":{"line":4,"column":36}},"loc":{"start":{"line":4,"column":51},"end":{"line":72,"column":1}},"line":4},"1":{"name":"(anonymous_1)","decl":{"start":{"line":8,"column":12},"end":{"line":8,"column":13}},"loc":{"start":{"line":8,"column":18},"end":{"line":54,"column":3}},"line":8},"2":{"name":"(anonymous_2)","decl":{"start":{"line":34,"column":15},"end":{"line":34,"column":16}},"loc":{"start":{"line":34,"column":21},"end":{"line":51,"column":5}},"line":34},"3":{"name":"(anonymous_3)","decl":{"start":{"line":48,"column":15},"end":{"line":48,"column":16}},"loc":{"start":{"line":48,"column":21},"end":{"line":50,"column":7}},"line":48},"4":{"name":"(anonymous_4)","decl":{"start":{"line":53,"column":11},"end":{"line":53,"column":12}},"loc":{"start":{"line":53,"column":17},"end":{"line":53,"column":38}},"line":53}},"branchMap":{},"s":{"0":0,"1":0,"2":0,"3":0,"4":0,"5":0,"6":0,"7":0,"8":0,"9":0,"10":0,"11":0,"12":0,"13":0},"f":{"0":0,"1":0,"2":0,"3":0,"4":0},"b":{}}
,"C:\\Users\\pro\\Documents\\Workspaces\\mobile\\JobScope-Frontend\\src\\components\\charts\\HardSkillsChart.jsx": {"path":"C:\\Users\\pro\\Documents\\Workspaces\\mobile\\JobScope-Frontend\\src\\components\\charts\\HardSkillsChart.jsx","statementMap":{"0":{"start":{"line":6,"column":24},"end":{"line":13,"column":1}},"1":{"start":{"line":16,"column":18},"end":{"line":16,"column":28}},"2":{"start":{"line":17,"column":19},"end":{"line":17,"column":57}},"3":{"start":{"line":18,"column":21},"end":{"line":18,"column":65}},"4":{"start":{"line":18,"column":50},"end":{"line":18,"column":63}},"5":{"start":{"line":20,"column":4},"end":{"line":64,"column":6}},"6":{"start":{"line":29,"column":24},"end":{"line":45,"column":31}},"7":{"start":{"line":51,"column":20},"end":{"line":59,"column":27}}},"fnMap":{"0":{"name":"HardSkillsChart","decl":{"start":{"line":15,"column":24},"end":{"line":15,"column":39}},"loc":{"start":{"line":15,"column":67},"end":{"line":65,"column":1}},"line":15},"1":{"name":"(anonymous_1)","decl":{"start":{"line":18,"column":42},"end":{"line":18,"column":43}},"loc":{"start":{"line":18,"column":50},"end":{"line":18,"column":63}},"line":18},"2":{"name":"(anonymous_2)","decl":{"start":{"line":28,"column":30},"end":{"line":28,"column":31}},"loc":{"start":{"line":29,"column":24},"end":{"line":45,"column":31}},"line":29},"3":{"name":"(anonymous_3)","decl":{"start":{"line":50,"column":50},"end":{"line":50,"column":51}},"loc":{"start":{"line":51,"column":20},"end":{"line":59,"column":27}},"line":51}},"branchMap":{"0":{"loc":{"start":{"line":37,"column":57},"end":{"line":37,"column":110}},"type":"binary-expr","locations":[{"start":{"line":37,"column":57},"end":{"line":37,"column":87}},{"start":{"line":37,"column":91},"end":{"line":37,"column":110}}],"line":37}},"s":{"0":0,"1":0,"2":0,"3":0,"4":0,"5":0,"6":0,"7":0},"f":{"0":0,"1":0,"2":0,"3":0},"b":{"0":[0,0]}}
,"C:\\Users\\pro\\Documents\\Workspaces\\mobile\\JobScope-Frontend\\src\\components\\charts\\JobTypeChart.jsx": {"path":"C:\\Users\\pro\\Documents\\Workspaces\\mobile\\JobScope-Frontend\\src\\components\\charts\\JobTypeChart.jsx","statementMap":{"0":{"start":{"line":8,"column":18},"end":{"line":8,"column":28}},"1":{"start":{"line":9,"column":19},"end":{"line":9,"column":50}},"2":{"start":{"line":12,"column":4},"end":{"line":21,"column":5}},"3":{"start":{"line":13,"column":8},"end":{"line":20,"column":10}},"4":{"start":{"line":24,"column":19},"end":{"line":24,"column":74}},"5":{"start":{"line":27,"column":22},"end":{"line":32,"column":7}},"6":{"start":{"line":27,"column":49},"end":{"line":32,"column":5}},"7":{"start":{"line":34,"column":4},"end":{"line":101,"column":6}},"8":{"start":{"line":46,"column":24},"end":{"line":60,"column":31}},"9":{"start":{"line":72,"column":20},"end":{"line":85,"column":27}}},"fnMap":{"0":{"name":"JobTypeChart","decl":{"start":{"line":7,"column":24},"end":{"line":7,"column":36}},"loc":{"start":{"line":7,"column":64},"end":{"line":102,"column":1}},"line":7},"1":{"name":"(anonymous_1)","decl":{"start":{"line":27,"column":31},"end":{"line":27,"column":32}},"loc":{"start":{"line":27,"column":49},"end":{"line":32,"column":5}},"line":27},"2":{"name":"(anonymous_2)","decl":{"start":{"line":45,"column":42},"end":{"line":45,"column":43}},"loc":{"start":{"line":46,"column":24},"end":{"line":60,"column":31}},"line":46},"3":{"name":"(anonymous_3)","decl":{"start":{"line":71,"column":26},"end":{"line":71,"column":27}},"loc":{"start":{"line":72,"column":20},"end":{"line":85,"column":27}},"line":72}},"branchMap":{"0":{"loc":{"start":{"line":12,"column":4},"end":{"line":21,"column":5}},"type":"if","locations":[{"start":{"line":12,"column":4},"end":{"line":21,"column":5}},{"start":{},"end":{}}],"line":12},"1":{"loc":{"start":{"line":12,"column":8},"end":{"line":12,"column":34}},"type":"binary-expr","locations":[{"start":{"line":12,"column":8},"end":{"line":12,"column":13}},{"start":{"line":12,"column":17},"end":{"line":12,"column":34}}],"line":12},"2":{"loc":{"start":{"line":15,"column":44},"end":{"line":15,"column":77}},"type":"binary-expr","locations":[{"start":{"line":15,"column":44},"end":{"line":15,"column":49}},{"start":{"line":15,"column":53},"end":{"line":15,"column":77}}],"line":15},"3":{"loc":{"start":{"line":44,"column":38},"end":{"line":44,"column":82}},"type":"binary-expr","locations":[{"start":{"line":44,"column":38},"end":{"line":44,"column":55}},{"start":{"line":44,"column":59},"end":{"line":44,"column":82}}],"line":44},"4":{"loc":{"start":{"line":52,"column":33},"end":{"line":52,"column":59}},"type":"binary-expr","locations":[{"start":{"line":52,"column":33},"end":{"line":52,"column":53}},{"start":{"line":52,"column":57},"end":{"line":52,"column":59}}],"line":52},"5":{"loc":{"start":{"line":62,"column":31},"end":{"line":62,"column":59}},"type":"binary-expr","locations":[{"start":{"line":62,"column":31},"end":{"line":62,"column":49}},{"start":{"line":62,"column":53},"end":{"line":62,"column":59}}],"line":62},"6":{"loc":{"start":{"line":90,"column":13},"end":{"line":99,"column":13}},"type":"binary-expr","locations":[{"start":{"line":90,"column":13},"end":{"line":90,"column":21}},{"start":{"line":91,"column":16},"end":{"line":98,"column":23}}],"line":90},"7":{"loc":{"start":{"line":97,"column":33},"end":{"line":97,"column":59}},"type":"binary-expr","locations":[{"start":{"line":97,"column":33},"end":{"line":97,"column":52}},{"start":{"line":97,"column":56},"end":{"line":97,"column":59}}],"line":97}},"s":{"0":0,"1":0,"2":0,"3":0,"4":0,"5":0,"6":0,"7":0,"8":0,"9":0},"f":{"0":0,"1":0,"2":0,"3":0},"b":{"0":[0,0],"1":[0,0],"2":[0,0],"3":[0,0],"4":[0,0],"5":[0,0],"6":[0,0],"7":[0,0]}}
,"C:\\Users\\pro\\Documents\\Workspaces\\mobile\\JobScope-Frontend\\src\\components\\charts\\ProgrammingLanguagesChart.jsx": {"path":"C:\\Users\\pro\\Documents\\Workspaces\\mobile\\JobScope-Frontend\\src\\components\\charts\\ProgrammingLanguagesChart.jsx","statementMap":{"0":{"start":{"line":7,"column":18},"end":{"line":7,"column":28}},"1":{"start":{"line":8,"column":19},"end":{"line":8,"column":55}},"2":{"start":{"line":9,"column":21},"end":{"line":9,"column":84}},"3":{"start":{"line":9,"column":65},"end":{"line":9,"column":78}},"4":{"start":{"line":11,"column":19},"end":{"line":17,"column":5}},"5":{"start":{"line":19,"column":4},"end":{"line":61,"column":6}},"6":{"start":{"line":24,"column":16},"end":{"line":49,"column":23}}},"fnMap":{"0":{"name":"ProgrammingLanguagesChart","decl":{"start":{"line":6,"column":24},"end":{"line":6,"column":49}},"loc":{"start":{"line":6,"column":77},"end":{"line":62,"column":1}},"line":6},"1":{"name":"(anonymous_1)","decl":{"start":{"line":9,"column":57},"end":{"line":9,"column":58}},"loc":{"start":{"line":9,"column":65},"end":{"line":9,"column":78}},"line":9},"2":{"name":"(anonymous_2)","decl":{"start":{"line":23,"column":22},"end":{"line":23,"column":23}},"loc":{"start":{"line":24,"column":16},"end":{"line":49,"column":23}},"line":24}},"branchMap":{"0":{"loc":{"start":{"line":9,"column":21},"end":{"line":9,"column":84}},"type":"cond-expr","locations":[{"start":{"line":9,"column":36},"end":{"line":9,"column":80}},{"start":{"line":9,"column":83},"end":{"line":9,"column":84}}],"line":9},"1":{"loc":{"start":{"line":34,"column":40},"end":{"line":38,"column":69}},"type":"cond-expr","locations":[{"start":{"line":34,"column":54},"end":{"line":34,"column":65}},{"start":{"line":35,"column":44},"end":{"line":38,"column":69}}],"line":34},"2":{"loc":{"start":{"line":35,"column":44},"end":{"line":38,"column":69}},"type":"cond-expr","locations":[{"start":{"line":35,"column":58},"end":{"line":35,"column":69}},{"start":{"line":36,"column":48},"end":{"line":38,"column":69}}],"line":35},"3":{"loc":{"start":{"line":36,"column":48},"end":{"line":38,"column":69}},"type":"cond-expr","locations":[{"start":{"line":36,"column":62},"end":{"line":36,"column":72}},{"start":{"line":37,"column":52},"end":{"line":38,"column":69}}],"line":36},"4":{"loc":{"start":{"line":37,"column":52},"end":{"line":38,"column":69}},"type":"cond-expr","locations":[{"start":{"line":37,"column":79},"end":{"line":37,"column":92}},{"start":{"line":38,"column":56},"end":{"line":38,"column":69}}],"line":37},"5":{"loc":{"start":{"line":37,"column":52},"end":{"line":37,"column":76}},"type":"binary-expr","locations":[{"start":{"line":37,"column":52},"end":{"line":37,"column":62}},{"start":{"line":37,"column":66},"end":{"line":37,"column":76}}],"line":37},"6":{"loc":{"start":{"line":52,"column":13},"end":{"line":57,"column":21}},"type":"cond-expr","locations":[{"start":{"line":53,"column":16},"end":{"line":55,"column":23}},{"start":{"line":57,"column":16},"end":{"line":57,"column":21}}],"line":52}},"s":{"0":0,"1":0,"2":0,"3":0,"4":0,"5":0,"6":0},"f":{"0":0,"1":0,"2":0},"b":{"0":[0,0],"1":[0,0],"2":[0,0],"3":[0,0],"4":[0,0],"5":[0,0],"6":[0,0]}}
,"C:\\Users\\pro\\Documents\\Workspaces\\mobile\\JobScope-Frontend\\src\\components\\charts\\RadarDomainChart.jsx": {"path":"C:\\Users\\pro\\Documents\\Workspaces\\mobile\\JobScope-Frontend\\src\\components\\charts\\RadarDomainChart.jsx","statementMap":{"0":{"start":{"line":8,"column":16},"end":{"line":8,"column":26}},"1":{"start":{"line":9,"column":17},"end":{"line":9,"column":51}},"2":{"start":{"line":11,"column":2},"end":{"line":22,"column":3}},"3":{"start":{"line":12,"column":4},"end":{"line":21,"column":6}},"4":{"start":{"line":24,"column":20},"end":{"line":27,"column":5}},"5":{"start":{"line":24,"column":38},"end":{"line":27,"column":3}},"6":{"start":{"line":29,"column":24},"end":{"line":29,"column":70}},"7":{"start":{"line":29,"column":53},"end":{"line":29,"column":68}},"8":{"start":{"line":30,"column":19},"end":{"line":30,"column":53}},"9":{"start":{"line":32,"column":2},"end":{"line":94,"column":4}},"10":{"start":{"line":74,"column":10},"end":{"line":90,"column":12}}},"fnMap":{"0":{"name":"RadarDomainChart","decl":{"start":{"line":7,"column":24},"end":{"line":7,"column":40}},"loc":{"start":{"line":7,"column":76},"end":{"line":95,"column":1}},"line":7},"1":{"name":"(anonymous_1)","decl":{"start":{"line":24,"column":29},"end":{"line":24,"column":30}},"loc":{"start":{"line":24,"column":38},"end":{"line":27,"column":3}},"line":24},"2":{"name":"(anonymous_2)","decl":{"start":{"line":29,"column":45},"end":{"line":29,"column":46}},"loc":{"start":{"line":29,"column":53},"end":{"line":29,"column":68}},"line":29},"3":{"name":"(anonymous_3)","decl":{"start":{"line":73,"column":18},"end":{"line":73,"column":19}},"loc":{"start":{"line":73,"column":35},"end":{"line":91,"column":9}},"line":73}},"branchMap":{"0":{"loc":{"start":{"line":11,"column":2},"end":{"line":22,"column":3}},"type":"if","locations":[{"start":{"line":11,"column":2},"end":{"line":22,"column":3}},{"start":{},"end":{}}],"line":11},"1":{"loc":{"start":{"line":11,"column":6},"end":{"line":11,"column":32}},"type":"binary-expr","locations":[{"start":{"line":11,"column":6},"end":{"line":11,"column":11}},{"start":{"line":11,"column":15},"end":{"line":11,"column":32}}],"line":11},"2":{"loc":{"start":{"line":15,"column":11},"end":{"line":15,"column":41}},"type":"binary-expr","locations":[{"start":{"line":15,"column":11},"end":{"line":15,"column":16}},{"start":{"line":15,"column":20},"end":{"line":15,"column":41}}],"line":15}},"s":{"0":0,"1":0,"2":0,"3":0,"4":0,"5":0,"6":0,"7":0,"8":0,"9":0,"10":0},"f":{"0":0,"1":0,"2":0,"3":0},"b":{"0":[0,0],"1":[0,0],"2":[0,0]}}
,"C:\\Users\\pro\\Documents\\Workspaces\\mobile\\JobScope-Frontend\\src\\components\\charts\\SeniorityDistributionChart.jsx": {"path":"C:\\Users\\pro\\Documents\\Workspaces\\mobile\\JobScope-Frontend\\src\\components\\charts\\SeniorityDistributionChart.jsx","statementMap":{"0":{"start":{"line":8,"column":18},"end":{"line":8,"column":28}},"1":{"start":{"line":9,"column":19},"end":{"line":9,"column":59}},"2":{"start":{"line":11,"column":4},"end":{"line":20,"column":5}},"3":{"start":{"line":12,"column":8},"end":{"line":19,"column":10}},"4":{"start":{"line":23,"column":19},"end":{"line":23,"column":74}},"5":{"start":{"line":26,"column":22},"end":{"line":31,"column":7}},"6":{"start":{"line":26,"column":49},"end":{"line":31,"column":5}},"7":{"start":{"line":33,"column":4},"end":{"line":94,"column":6}},"8":{"start":{"line":45,"column":24},"end":{"line":65,"column":31}},"9":{"start":{"line":77,"column":20},"end":{"line":90,"column":27}}},"fnMap":{"0":{"name":"SeniorityDistributionChart","decl":{"start":{"line":7,"column":24},"end":{"line":7,"column":50}},"loc":{"start":{"line":7,"column":78},"end":{"line":95,"column":1}},"line":7},"1":{"name":"(anonymous_1)","decl":{"start":{"line":26,"column":31},"end":{"line":26,"column":32}},"loc":{"start":{"line":26,"column":49},"end":{"line":31,"column":5}},"line":26},"2":{"name":"(anonymous_2)","decl":{"start":{"line":44,"column":42},"end":{"line":44,"column":43}},"loc":{"start":{"line":45,"column":24},"end":{"line":65,"column":31}},"line":45},"3":{"name":"(anonymous_3)","decl":{"start":{"line":76,"column":26},"end":{"line":76,"column":27}},"loc":{"start":{"line":77,"column":20},"end":{"line":90,"column":27}},"line":77}},"branchMap":{"0":{"loc":{"start":{"line":11,"column":4},"end":{"line":20,"column":5}},"type":"if","locations":[{"start":{"line":11,"column":4},"end":{"line":20,"column":5}},{"start":{},"end":{}}],"line":11},"1":{"loc":{"start":{"line":11,"column":8},"end":{"line":11,"column":34}},"type":"binary-expr","locations":[{"start":{"line":11,"column":8},"end":{"line":11,"column":13}},{"start":{"line":11,"column":17},"end":{"line":11,"column":34}}],"line":11},"2":{"loc":{"start":{"line":14,"column":44},"end":{"line":14,"column":77}},"type":"binary-expr","locations":[{"start":{"line":14,"column":44},"end":{"line":14,"column":49}},{"start":{"line":14,"column":53},"end":{"line":14,"column":77}}],"line":14},"3":{"loc":{"start":{"line":43,"column":38},"end":{"line":43,"column":82}},"type":"binary-expr","locations":[{"start":{"line":43,"column":38},"end":{"line":43,"column":55}},{"start":{"line":43,"column":59},"end":{"line":43,"column":82}}],"line":43},"4":{"loc":{"start":{"line":54,"column":33},"end":{"line":54,"column":59}},"type":"binary-expr","locations":[{"start":{"line":54,"column":33},"end":{"line":54,"column":53}},{"start":{"line":54,"column":57},"end":{"line":54,"column":59}}],"line":54},"5":{"loc":{"start":{"line":68,"column":31},"end":{"line":68,"column":59}},"type":"binary-expr","locations":[{"start":{"line":68,"column":31},"end":{"line":68,"column":49}},{"start":{"line":68,"column":53},"end":{"line":68,"column":59}}],"line":68}},"s":{"0":0,"1":0,"2":0,"3":0,"4":0,"5":0,"6":0,"7":0,"8":0,"9":0},"f":{"0":0,"1":0,"2":0,"3":0},"b":{"0":[0,0],"1":[0,0],"2":[0,0],"3":[0,0],"4":[0,0],"5":[0,0]}}
,"C:\\Users\\pro\\Documents\\Workspaces\\mobile\\JobScope-Frontend\\src\\components\\charts\\SoftKillsChart.jsx": {"path":"C:\\Users\\pro\\Documents\\Workspaces\\mobile\\JobScope-Frontend\\src\\components\\charts\\SoftKillsChart.jsx","statementMap":{"0":{"start":{"line":6,"column":24},"end":{"line":12,"column":1}},"1":{"start":{"line":15,"column":16},"end":{"line":15,"column":26}},"2":{"start":{"line":16,"column":17},"end":{"line":16,"column":55}},"3":{"start":{"line":17,"column":19},"end":{"line":17,"column":63}},"4":{"start":{"line":17,"column":48},"end":{"line":17,"column":61}},"5":{"start":{"line":19,"column":2},"end":{"line":62,"column":4}},"6":{"start":{"line":28,"column":10},"end":{"line":42,"column":17}},"7":{"start":{"line":49,"column":10},"end":{"line":57,"column":17}}},"fnMap":{"0":{"name":"SoftSkillsChart","decl":{"start":{"line":14,"column":24},"end":{"line":14,"column":39}},"loc":{"start":{"line":14,"column":67},"end":{"line":63,"column":1}},"line":14},"1":{"name":"(anonymous_1)","decl":{"start":{"line":17,"column":40},"end":{"line":17,"column":41}},"loc":{"start":{"line":17,"column":48},"end":{"line":17,"column":61}},"line":17},"2":{"name":"(anonymous_2)","decl":{"start":{"line":27,"column":18},"end":{"line":27,"column":19}},"loc":{"start":{"line":28,"column":10},"end":{"line":42,"column":17}},"line":28},"3":{"name":"(anonymous_3)","decl":{"start":{"line":48,"column":42},"end":{"line":48,"column":43}},"loc":{"start":{"line":49,"column":10},"end":{"line":57,"column":17}},"line":49}},"branchMap":{"0":{"loc":{"start":{"line":35,"column":35},"end":{"line":35,"column":88}},"type":"binary-expr","locations":[{"start":{"line":35,"column":35},"end":{"line":35,"column":65}},{"start":{"line":35,"column":69},"end":{"line":35,"column":88}}],"line":35}},"s":{"0":0,"1":0,"2":0,"3":0,"4":0,"5":0,"6":0,"7":0},"f":{"0":0,"1":0,"2":0,"3":0},"b":{"0":[0,0]}}
,"C:\\Users\\pro\\Documents\\Workspaces\\mobile\\JobScope-Frontend\\src\\components\\charts\\TopCitiesChart.jsx": {"path":"C:\\Users\\pro\\Documents\\Workspaces\\mobile\\JobScope-Frontend\\src\\components\\charts\\TopCitiesChart.jsx","statementMap":{"0":{"start":{"line":6,"column":18},"end":{"line":6,"column":28}},"1":{"start":{"line":7,"column":19},"end":{"line":7,"column":52}},"2":{"start":{"line":9,"column":19},"end":{"line":15,"column":5}},"3":{"start":{"line":17,"column":4},"end":{"line":26,"column":5}},"4":{"start":{"line":18,"column":8},"end":{"line":25,"column":10}},"5":{"start":{"line":27,"column":23},"end":{"line":29,"column":20}},"6":{"start":{"line":28,"column":24},"end":{"line":28,"column":41}},"7":{"start":{"line":31,"column":21},"end":{"line":31,"column":68}},"8":{"start":{"line":31,"column":56},"end":{"line":31,"column":66}},"9":{"start":{"line":33,"column":4},"end":{"line":65,"column":6}},"10":{"start":{"line":38,"column":16},"end":{"line":54,"column":23}}},"fnMap":{"0":{"name":"TopCitiesChart","decl":{"start":{"line":5,"column":24},"end":{"line":5,"column":38}},"loc":{"start":{"line":5,"column":66},"end":{"line":66,"column":1}},"line":5},"1":{"name":"(anonymous_1)","decl":{"start":{"line":28,"column":14},"end":{"line":28,"column":15}},"loc":{"start":{"line":28,"column":24},"end":{"line":28,"column":41}},"line":28},"2":{"name":"(anonymous_2)","decl":{"start":{"line":31,"column":48},"end":{"line":31,"column":49}},"loc":{"start":{"line":31,"column":56},"end":{"line":31,"column":66}},"line":31},"3":{"name":"(anonymous_3)","decl":{"start":{"line":37,"column":28},"end":{"line":37,"column":29}},"loc":{"start":{"line":38,"column":16},"end":{"line":54,"column":23}},"line":38}},"branchMap":{"0":{"loc":{"start":{"line":17,"column":4},"end":{"line":26,"column":5}},"type":"if","locations":[{"start":{"line":17,"column":4},"end":{"line":26,"column":5}},{"start":{},"end":{}}],"line":17},"1":{"loc":{"start":{"line":17,"column":8},"end":{"line":17,"column":34}},"type":"binary-expr","locations":[{"start":{"line":17,"column":8},"end":{"line":17,"column":13}},{"start":{"line":17,"column":17},"end":{"line":17,"column":34}}],"line":17},"2":{"loc":{"start":{"line":20,"column":44},"end":{"line":20,"column":67}},"type":"binary-expr","locations":[{"start":{"line":20,"column":44},"end":{"line":20,"column":49}},{"start":{"line":20,"column":53},"end":{"line":20,"column":67}}],"line":20},"3":{"loc":{"start":{"line":47,"column":53},"end":{"line":47,"column":95}},"type":"binary-expr","locations":[{"start":{"line":47,"column":53},"end":{"line":47,"column":66}},{"start":{"line":47,"column":70},"end":{"line":47,"column":95}}],"line":47},"4":{"loc":{"start":{"line":57,"column":13},"end":{"line":63,"column":13}},"type":"binary-expr","locations":[{"start":{"line":57,"column":13},"end":{"line":57,"column":21}},{"start":{"line":58,"column":16},"end":{"line":62,"column":23}}],"line":57},"5":{"loc":{"start":{"line":59,"column":21},"end":{"line":61,"column":78}},"type":"cond-expr","locations":[{"start":{"line":60,"column":26},"end":{"line":60,"column":72}},{"start":{"line":61,"column":26},"end":{"line":61,"column":78}}],"line":59},"6":{"loc":{"start":{"line":61,"column":46},"end":{"line":61,"column":76}},"type":"binary-expr","locations":[{"start":{"line":61,"column":46},"end":{"line":61,"column":69}},{"start":{"line":61,"column":73},"end":{"line":61,"column":76}}],"line":61}},"s":{"0":0,"1":0,"2":0,"3":0,"4":0,"5":0,"6":0,"7":0,"8":0,"9":0,"10":0},"f":{"0":0,"1":0,"2":0,"3":0},"b":{"0":[0,0],"1":[0,0],"2":[0,0],"3":[0,0],"4":[0,0],"5":[0,0],"6":[0,0]}}
,"C:\\Users\\pro\\Documents\\Workspaces\\mobile\\JobScope-Frontend\\src\\components\\charts\\TopTechnologiesChart.jsx": {"path":"C:\\Users\\pro\\Documents\\Workspaces\\mobile\\JobScope-Frontend\\src\\components\\charts\\TopTechnologiesChart.jsx","statementMap":{"0":{"start":{"line":7,"column":18},"end":{"line":7,"column":28}},"1":{"start":{"line":8,"column":19},"end":{"line":8,"column":58}},"2":{"start":{"line":10,"column":19},"end":{"line":16,"column":5}},"3":{"start":{"line":18,"column":4},"end":{"line":27,"column":5}},"4":{"start":{"line":19,"column":8},"end":{"line":26,"column":10}},"5":{"start":{"line":29,"column":23},"end":{"line":31,"column":20}},"6":{"start":{"line":30,"column":24},"end":{"line":30,"column":47}},"7":{"start":{"line":33,"column":21},"end":{"line":33,"column":71}},"8":{"start":{"line":33,"column":56},"end":{"line":33,"column":69}},"9":{"start":{"line":35,"column":4},"end":{"line":60,"column":6}},"10":{"start":{"line":40,"column":16},"end":{"line":57,"column":23}}},"fnMap":{"0":{"name":"TopTechnologiesChart","decl":{"start":{"line":6,"column":24},"end":{"line":6,"column":44}},"loc":{"start":{"line":6,"column":72},"end":{"line":61,"column":1}},"line":6},"1":{"name":"(anonymous_1)","decl":{"start":{"line":30,"column":14},"end":{"line":30,"column":15}},"loc":{"start":{"line":30,"column":24},"end":{"line":30,"column":47}},"line":30},"2":{"name":"(anonymous_2)","decl":{"start":{"line":33,"column":48},"end":{"line":33,"column":49}},"loc":{"start":{"line":33,"column":56},"end":{"line":33,"column":69}},"line":33},"3":{"name":"(anonymous_3)","decl":{"start":{"line":39,"column":28},"end":{"line":39,"column":29}},"loc":{"start":{"line":40,"column":16},"end":{"line":57,"column":23}},"line":40}},"branchMap":{"0":{"loc":{"start":{"line":18,"column":4},"end":{"line":27,"column":5}},"type":"if","locations":[{"start":{"line":18,"column":4},"end":{"line":27,"column":5}},{"start":{},"end":{}}],"line":18},"1":{"loc":{"start":{"line":18,"column":8},"end":{"line":18,"column":34}},"type":"binary-expr","locations":[{"start":{"line":18,"column":8},"end":{"line":18,"column":13}},{"start":{"line":18,"column":17},"end":{"line":18,"column":34}}],"line":18},"2":{"loc":{"start":{"line":21,"column":44},"end":{"line":21,"column":71}},"type":"binary-expr","locations":[{"start":{"line":21,"column":44},"end":{"line":21,"column":49}},{"start":{"line":21,"column":53},"end":{"line":21,"column":71}}],"line":21},"3":{"loc":{"start":{"line":50,"column":40},"end":{"line":50,"column":82}},"type":"binary-expr","locations":[{"start":{"line":50,"column":40},"end":{"line":50,"column":53}},{"start":{"line":50,"column":57},"end":{"line":50,"column":82}}],"line":50}},"s":{"0":0,"1":0,"2":0,"3":0,"4":0,"5":0,"6":0,"7":0,"8":0,"9":0,"10":0},"f":{"0":0,"1":0,"2":0,"3":0},"b":{"0":[0,0],"1":[0,0],"2":[0,0],"3":[0,0]}}
,"C:\\Users\\pro\\Documents\\Workspaces\\mobile\\JobScope-Frontend\\src\\context\\FavoritesContext.js": {"path":"C:\\Users\\pro\\Documents\\Workspaces\\mobile\\JobScope-Frontend\\src\\context\\FavoritesContext.js","statementMap":{"0":{"start":{"line":5,"column":25},"end":{"line":5,"column":49}},"1":{"start":{"line":7,"column":33},"end":{"line":91,"column":1}},"2":{"start":{"line":8,"column":30},"end":{"line":8,"column":39}},"3":{"start":{"line":9,"column":46},"end":{"line":9,"column":65}},"4":{"start":{"line":10,"column":32},"end":{"line":10,"column":47}},"5":{"start":{"line":12,"column":2},"end":{"line":18,"column":24}},"6":{"start":{"line":13,"column":4},"end":{"line":17,"column":5}},"7":{"start":{"line":14,"column":6},"end":{"line":14,"column":22}},"8":{"start":{"line":16,"column":6},"end":{"line":16,"column":35}},"9":{"start":{"line":20,"column":24},"end":{"line":32,"column":3}},"10":{"start":{"line":21,"column":4},"end":{"line":31,"column":5}},"11":{"start":{"line":22,"column":6},"end":{"line":22,"column":23}},"12":{"start":{"line":23,"column":23},"end":{"line":23,"column":67}},"13":{"start":{"line":24,"column":24},"end":{"line":24,"column":66}},"14":{"start":{"line":25,"column":18},"end":{"line":25,"column":66}},"15":{"start":{"line":25,"column":47},"end":{"line":25,"column":64}},"16":{"start":{"line":26,"column":6},"end":{"line":26,"column":29}},"17":{"start":{"line":28,"column":6},"end":{"line":28,"column":35}},"18":{"start":{"line":30,"column":6},"end":{"line":30,"column":24}},"19":{"start":{"line":34,"column":22},"end":{"line":42,"column":3}},"20":{"start":{"line":35,"column":4},"end":{"line":41,"column":5}},"21":{"start":{"line":36,"column":6},"end":{"line":36,"column":48}},"22":{"start":{"line":37,"column":6},"end":{"line":37,"column":59}},"23":{"start":{"line":37,"column":32},"end":{"line":37,"column":57}},"24":{"start":{"line":38,"column":6},"end":{"line":38,"column":18}},"25":{"start":{"line":40,"column":6},"end":{"line":40,"column":18}},"26":{"start":{"line":44,"column":25},"end":{"line":56,"column":3}},"27":{"start":{"line":45,"column":4},"end":{"line":55,"column":5}},"28":{"start":{"line":46,"column":6},"end":{"line":46,"column":51}},"29":{"start":{"line":47,"column":6},"end":{"line":51,"column":9}},"30":{"start":{"line":48,"column":23},"end":{"line":48,"column":36}},"31":{"start":{"line":49,"column":8},"end":{"line":49,"column":29}},"32":{"start":{"line":50,"column":8},"end":{"line":50,"column":22}},"33":{"start":{"line":52,"column":6},"end":{"line":52,"column":18}},"34":{"start":{"line":54,"column":6},"end":{"line":54,"column":18}},"35":{"start":{"line":58,"column":25},"end":{"line":64,"column":3}},"36":{"start":{"line":59,"column":4},"end":{"line":63,"column":5}},"37":{"start":{"line":60,"column":6},"end":{"line":60,"column":41}},"38":{"start":{"line":62,"column":6},"end":{"line":62,"column":38}},"39":{"start":{"line":66,"column":21},"end":{"line":68,"column":3}},"40":{"start":{"line":67,"column":4},"end":{"line":67,"column":37}},"41":{"start":{"line":70,"column":27},"end":{"line":74,"column":3}},"42":{"start":{"line":71,"column":4},"end":{"line":73,"column":5}},"43":{"start":{"line":72,"column":6},"end":{"line":72,"column":22}},"44":{"start":{"line":76,"column":2},"end":{"line":90,"column":4}},"45":{"star
[...]
,"C:\\Users\\pro\\Documents\\Workspaces\\mobile\\JobScope-Frontend\\src\\styles\\theme.js": {"path":"C:\\Users\\pro\\Documents\\Workspaces\\mobile\\JobScope-Frontend\\src\\styles\\theme.js","statementMap":{"0":{"start":{"line":6,"column":25},"end":{"line":24,"column":1}},"1":{"start":{"line":26,"column":24},"end":{"line":39,"column":1}},"2":{"start":{"line":27,"column":18},"end":{"line":27,"column":42}},"3":{"start":{"line":29,"column":2},"end":{"line":31,"column":3}},"4":{"start":{"line":30,"column":4},"end":{"line":30,"column":72}},"5":{"start":{"line":33,"column":2},"end":{"line":38,"column":4}}},"fnMap":{"0":{"name":"(anonymous_0)","decl":{"start":{"line":26,"column":24},"end":{"line":26,"column":25}},"loc":{"start":{"line":26,"column":30},"end":{"line":39,"column":1}},"line":26}},"branchMap":{"0":{"loc":{"start":{"line":29,"column":2},"end":{"line":31,"column":3}},"type":"if","locations":[{"start":{"line":29,"column":2},"end":{"line":31,"column":3}},{"start":{},"end":{}}],"line":29}},"s":{"0":0,"1":0,"2":0,"3":0,"4":0,"5":0},"f":{"0":0},"b":{"0":[0,0]}}
,"C:\\Users\\pro\\Documents\\Workspaces\\mobile\\JobScope-Frontend\\src\\styles\\typography.js": {"path":"C:\\Users\\pro\\Documents\\Workspaces\\mobile\\JobScope-Frontend\\src\\styles\\typography.js","statementMap":{"0":{"start":{"line":1,"column":27},"end":{"line":80,"column":1}}},"fnMap":{},"branchMap":{},"s":{"0":0},"f":{},"b":{}}
,"C:\\Users\\pro\\Documents\\Workspaces\\mobile\\JobScope-Frontend\\src\\styles\\colors\\dark.js": {"path":"C:\\Users\\pro\\Documents\\Workspaces\\mobile\\JobScope-Frontend\\src\\styles\\colors\\dark.js","statementMap":{"0":{"start":{"line":1,"column":26},"end":{"line":36,"column":1}}},"fnMap":{},"branchMap":{},"s":{"0":0},"f":{},"b":{}}
,"C:\\Users\\pro\\Documents\\Workspaces\\mobile\\JobScope-Frontend\\src\\styles\\colors\\index.js": {"path":"C:\\Users\\pro\\Documents\\Workspaces\\mobile\\JobScope-Frontend\\src\\styles\\colors\\index.js","statementMap":{"0":{"start":{"line":5,"column":30},"end":{"line":8,"column":1}},"1":{"start":{"line":6,"column":22},"end":{"line":6,"column":38}},"2":{"start":{"line":7,"column":2},"end":{"line":7,"column":59}}},"fnMap":{"0":{"name":"(anonymous_0)","decl":{"start":{"line":5,"column":30},"end":{"line":5,"column":31}},"loc":{"start":{"line":5,"column":36},"end":{"line":8,"column":1}},"line":5}},"branchMap":{"0":{"loc":{"start":{"line":7,"column":9},"end":{"line":7,"column":58}},"type":"cond-expr","locations":[{"start":{"line":7,"column":34},"end":{"line":7,"column":44}},{"start":{"line":7,"column":47},"end":{"line":7,"column":58}}],"line":7}},"s":{"0":0,"1":0,"2":0},"f":{"0":0},"b":{"0":[0,0]}}
,"C:\\Users\\pro\\Documents\\Workspaces\\mobile\\JobScope-Frontend\\src\\styles\\colors\\light.js": {"path":"C:\\Users\\pro\\Documents\\Workspaces\\mobile\\JobScope-Frontend\\src\\styles\\colors\\light.js","statementMap":{"0":{"start":{"line":1,"column":27},"end":{"line":36,"column":1}}},"fnMap":{},"branchMap":{},"s":{"0":0},"f":{},"b":{}}
,"C:\\Users\\pro\\Documents\\Workspaces\\mobile\\JobScope-Frontend\\src\\styles\\components\\JobHeaderStyles.js": {"path":"C:\\Users\\pro\\Documents\\Workspaces\\mobile\\JobScope-Frontend\\src\\styles\\components\\JobHeaderStyles.js","statementMap":{"0":{"start":{"line":3,"column":34},"end":{"line":16,"column":4}},"1":{"start":{"line":4,"column":2},"end":{"line":16,"column":4}}},"fnMap":{"0":{"name":"(anonymous_0)","decl":{"start":{"line":3,"column":34},"end":{"line":3,"column":35}},"loc":{"start":{"line":4,"column":2},"end":{"line":16,"column":4}},"line":4}},"branchMap":{},"s":{"0":0,"1":0},"f":{"0":0},"b":{}}
,"C:\\Users\\pro\\Documents\\Workspaces\\mobile\\JobScope-Frontend\\src\\styles\\components\\backHeaderStyles.js": {"path":"C:\\Users\\pro\\Documents\\Workspaces\\mobile\\JobScope-Frontend\\src\\styles\\components\\backHeaderStyles.js","statementMap":{"0":{"start":{"line":3,"column":38},"end":{"line":22,"column":2}},"1":{"start":{"line":3,"column":49},"end":{"line":22,"column":2}}},"fnMap":{"0":{"name":"(anonymous_0)","decl":{"start":{"line":3,"column":38},"end":{"line":3,"column":39}},"loc":{"start":{"line":3,"column":49},"end":{"line":22,"column":2}},"line":3}},"branchMap":{},"s":{"0":0,"1":0},"f":{"0":0},"b":{}}
,"C:\\Users\\pro\\Documents\\Workspaces\\mobile\\JobScope-Frontend\\src\\styles\\components\\buttonStyles.js": {"path":"C:\\Users\\pro\\Documents\\Workspaces\\mobile\\JobScope-Frontend\\src\\styles\\components\\buttonStyles.js","statementMap":{"0":{"start":{"line":3,"column":34},"end":{"line":53,"column":2}},"1":{"start":{"line":3,"column":45},"end":{"line":53,"column":2}}},"fnMap":{"0":{"name":"(anonymous_0)","decl":{"start":{"line":3,"column":34},"end":{"line":3,"column":35}},"loc":{"start":{"line":3,"column":45},"end":{"line":53,"column":2}},"line":3}},"branchMap":{},"s":{"0":0,"1":0},"f":{"0":0},"b":{}}
,"C:\\Users\\pro\\Documents\\Workspaces\\mobile\\JobScope-Frontend\\src\\styles\\components\\chartsStyles.js": {"path":"C:\\Users\\pro\\Documents\\Workspaces\\mobile\\JobScope-Frontend\\src\\styles\\components\\chartsStyles.js","statementMap":{"0":{"start":{"line":4,"column":32},"end":{"line":45,"column":2}},"1":{"start":{"line":4,"column":44},"end":{"line":45,"column":1}},"2":{"start":{"line":50,"column":45},"end":{"line":90,"column":1}},"3":{"start":{"line":51,"column":17},"end":{"line":51,"column":47}},"4":{"start":{"line":53,"column":2},"end":{"line":89,"column":5}},"5":{"start":{"line":95,"column":42},"end":{"line":140,"column":1}},"6":{"start":{"line":96,"column":17},"end":{"line":96,"column":47}},"7":{"start":{"line":98,"column":2},"end":{"line":139,"column":5}},"8":{"start":{"line":146,"column":40},"end":{"line":186,"column":1}},"9":{"start":{"line":147,"column":17},"end":{"line":147,"column":47}},"10":{"start":{"line":149,"column":2},"end":{"line":185,"column":5}},"11":{"start":{"line":191,"column":47},"end":{"line":252,"column":1}},"12":{"start":{"line":192,"column":17},"end":{"line":192,"column":47}},"13":{"start":{"line":194,"column":2},"end":{"line":251,"column":5}},"14":{"start":{"line":258,"column":43},"end":{"line":296,"column":1}},"15":{"start":{"line":259,"column":17},"end":{"line":259,"column":47}},"16":{"start":{"line":261,"column":2},"end":{"line":295,"column":5}},"17":{"start":{"line":302,"column":48},"end":{"line":342,"column":1}},"18":{"start":{"line":303,"column":17},"end":{"line":303,"column":47}},"19":{"start":{"line":305,"column":2},"end":{"line":341,"column":5}},"20":{"start":{"line":348,"column":49},"end":{"line":392,"column":1}},"21":{"start":{"line":349,"column":17},"end":{"line":349,"column":47}},"22":{"start":{"line":351,"column":2},"end":{"line":391,"column":5}}},"fnMap":{"0":{"name":"(anonymous_0)","decl":{"start":{"line":4,"column":32},"end":{"line":4,"column":33}},"loc":{"start":{"line":4,"column":44},"end":{"line":45,"column":1}},"line":4},"1":{"name":"(anonymous_1)","decl":{"start":{"line":50,"column":45},"end":{"line":50,"column":46}},"loc":{"start":{"line":50,"column":56},"end":{"line":90,"column":1}},"line":50},"2":{"name":"(anonymous_2)","decl":{"start":{"line":95,"column":42},"end":{"line":95,"column":43}},"loc":{"start":{"line":95,"column":53},"end":{"line":140,"column":1}},"line":95},"3":{"name":"(anonymous_3)","decl":{"start":{"line":146,"column":40},"end":{"line":146,"column":41}},"loc":{"start":{"line":146,"column":51},"end":{"line":186,"column":1}},"line":146},"4":{"name":"(anonymous_4)","decl":{"start":{"line":191,"column":47},"end":{"line":191,"column":48}},"loc":{"start":{"line":191,"column":58},"end":{"line":252,"column":1}},"line":191},"5":{"name":"(anonymous_5)","decl":{"start":{"line":258,"column":43},"end":{"line":258,"column":44}},"loc":{"start":{"line":258,"column":54},"end":{"line":296,"column":1}},"line":258},"6":{"name":"(anonymous_6)","decl":{"start":{"line":302,"column":48},"end":{"line":302,"column":49}},"loc":{"start":{"line":302,"column":59},"end":{"line":342,"column":1}},"line":302},"7":{"name":"(anonymous_7)","decl":{"start":{"line":348,"column":49},"end":{"line":348,"column":50}},"loc":{"start":{"line":348,"column":60},"end":{"line":392,"column":1}},"line":348}},"branchMap":{"0":{"loc":{"start":{"line":19,"column":18},"end":{"line":19,"column":41}},"type":"binary-expr","locations":[{"start":{"line":19,"column":18},"end":{"line":19,"column":35}},{"start":{"line":19,"column":39},"end":{"line":19,"column":41}}],"line":19},"1":{"loc":{"start":{"line":28,"column":18},"end":{"line":28,"column":45}},"type":"binary-expr","locations":[{"start":{"line":28,"column":18},"end":{"line":28,"column":40}},{"start":{"line":28,"column":44},"end":{"line":28,"column":45}}],"line":28},"2":{"loc":{"start":{"line":29,"column":22},"end":{"line":29,"column":44}},"type":"binary-expr","locations":[{"start":{"line":29,"column":22},"end":{"line":29,"column":39}},{"start":{"line":29,"column":43},"end":{"line":29,"column":44}}],"line":29},"3":{"loc":{"start":{"line":360,"column":22},"end":{"line":360,"column":45}},"type":"binary-expr","locations":[{"start":{"line":360,"column":22},"end":{"line":360,"column":39}},{"start":{"line":360,"column":43},"end":{"line":360,"column":45}}],"line":360},"4":{"loc":{"start":{"line":364,"column":17},"end":{"line":364,"column":40}},"type":"binary-expr","locations":[{"start":{"line":364,"column":17},"end":{"line":364,"column":34}},{"start":{"line":364,"column":38},"end":{"line":364,"column":40}}],"line":364},"5":{"loc":{"start":{"line":365,"column":25},"end":{"line":365,"column":47}},"type":"binary-expr","locations":[{"start":{"line":365,"column":25},"end":{"line":365,"column":42}},{"start":{"line":365,"column":46},"end":{"line":365,"column":47}}],"line":365},"6":{"loc":{"start":{"line":371,"column":20},"end":{"line":371,"column":42}},"type":"binary-expr","locations":[{"start":{"line":371,"column":20},"end":{"line":371,"column":37}},{"start":{"line":371,"column":41},"end":{"line":371,"column":42}}],"line":371}},"s":{"0":0,"1":0,"2":0,"3":0,"4":0,"5":0,"6":0,"7":0,"8":0,"9":0,"10":0,"11":0,"12":0,"13":0,"14":0,"15":0,"16":0,"17":0,"18":0,"19":0,"20":0,"21":0,"22":0},"f":{"0":0,"1":0,"2":0,"3":0,"4":0,"5":0,"6":0,"7":0},"b":{"0":[0,0],"1":[0,0],"2":[0,0],"3":[0,0],"4":[0,0],"5":[0,0],"6":[0,0]}}
,"C:\\Users\\pro\\Documents\\Workspaces\\mobile\\JobScope-Frontend\\src\\styles\\components\\gridStyles.js": {"path":"C:\\Users\\pro\\Documents\\Workspaces\\mobile\\JobScope-Frontend\\src\\styles\\components\\gridStyles.js","statementMap":{"0":{"start":{"line":3,"column":32},"end":{"line":16,"column":2}}},"fnMap":{},"branchMap":{},"s":{"0":0},"f":{},"b":{}}
,"C:\\Users\\pro\\Documents\\Workspaces\\mobile\\JobScope-Frontend\\src\\styles\\components\\jobCardStyles.js": {"path":"C:\\Users\\pro\\Documents\\Workspaces\\mobile\\JobScope-Frontend\\src\\styles\\components\\jobCardStyles.js","statementMap":{"0":{"start":{"line":3,"column":32},"end":{"line":23,"column":2}},"1":{"start":{"line":3,"column":43},"end":{"line":23,"column":2}}},"fnMap":{"0":{"name":"(anonymous_0)","decl":{"start":{"line":3,"column":32},"end":{"line":3,"column":33}},"loc":{"start":{"line":3,"column":43},"end":{"line":23,"column":2}},"line":3}},"branchMap":{},"s":{"0":0,"1":0},"f":{"0":0},"b":{}}
,"C:\\Users\\pro\\Documents\\Workspaces\\mobile\\JobScope-Frontend\\src\\styles\\components\\searchBarStyles.js": {"path":"C:\\Users\\pro\\Documents\\Workspaces\\mobile\\JobScope-Frontend\\src\\styles\\components\\searchBarStyles.js","statementMap":{"0":{"start":{"line":3,"column":31},"end":{"line":3,"column":55}},"1":{"start":{"line":5,"column":37},"end":{"line":93,"column":2}},"2":{"start":{"line":5,"column":48},"end":{"line":93,"column":2}}},"fnMap":{"0":{"name":"(anonymous_0)","decl":{"start":{"line":5,"column":37},"end":{"line":5,"column":38}},"loc":{"start":{"line":5,"column":48},"end":{"line":93,"column":2}},"line":5}},"branchMap":{},"s":{"0":0,"1":0,"2":0},"f":{"0":0},"b":{}}
,"C:\\Users\\pro\\Documents\\Workspaces\\mobile\\JobScope-Frontend\\src\\styles\\components\\tagStyles.js": {"path":"C:\\Users\\pro\\Documents\\Workspaces\\mobile\\JobScope-Frontend\\src\\styles\\components\\tagStyles.js","statementMap":{"0":{"start":{"line":3,"column":31},"end":{"line":21,"column":2}},"1":{"start":{"line":3,"column":62},"end":{"line":21,"column":2}}},"fnMap":{"0":{"name":"(anonymous_0)","decl":{"start":{"line":3,"column":31},"end":{"line":3,"column":32}},"loc":{"start":{"line":3,"column":62},"end":{"line":21,"column":2}},"line":3}},"branchMap":{"0":{"loc":{"start":{"line":3,"column":40},"end":{"line":3,"column":56}},"type":"default-arg","locations":[{"start":{"line":3,"column":51},"end":{"line":3,"column":56}}],"line":3},"1":{"loc":{"start":{"line":10,"column":17},"end":{"line":10,"column":33}},"type":"cond-expr","locations":[{"start":{"line":10,"column":28},"end":{"line":10,"column":29}},{"start":{"line":10,"column":32},"end":{"line":10,"column":33}}],"line":10},"2":{"loc":{"start":{"line":11,"column":17},"end":{"line":11,"column":70}},"type":"cond-expr","locations":[{"start":{"line":11,"column":28},"end":{"line":11,"column":54}},{"start":{"line":11,"column":57},"end":{"line":11,"column":70}}],"line":11}},"s":{"0":0,"1":0},"f":{"0":0},"b":{"0":[0],"1":[0,0],"2":[0,0]}}
,"C:\\Users\\pro\\Documents\\Workspaces\\mobile\\JobScope-Frontend\\src\\styles\\screens\\adminStyles.js": {"path":"C:\\Users\\pro\\Documents\\Workspaces\\mobile\\JobScope-Frontend\\src\\styles\\screens\\adminStyles.js","statementMap":{"0":{"start":{"line":3,"column":33},"end":{"line":135,"column":2}},"1":{"start":{"line":3,"column":44},"end":{"line":135,"column":2}}},"fnMap":{"0":{"name":"(anonymous_0)","decl":{"start":{"line":3,"column":33},"end":{"line":3,"column":34}},"loc":{"start":{"line":3,"column":44},"end":{"line":135,"column":2}},"line":3}},"branchMap":{},"s":{"0":0,"1":0},"f":{"0":0},"b":{}}
,"C:\\Users\\pro\\Documents\\Workspaces\\mobile\\JobScope-Frontend\\src\\styles\\screens\\analyticsStyles.js": {"path":"C:\\Users\\pro\\Documents\\Workspaces\\mobile\\JobScope-Frontend\\src\\styles\\screens\\analyticsStyles.js","statementMap":{"0":{"start":{"line":3,"column":37},"end":{"line":147,"column":2}},"1":{"start":{"line":3,"column":48},"end":{"line":147,"column":2}}},"fnMap":{"0":{"name":"(anonymous_0)","decl":{"start":{"line":3,"column":37},"end":{"line":3,"column":38}},"loc":{"start":{"line":3,"column":48},"end":{"line":147,"column":2}},"line":3}},"branchMap":{"0":{"loc":{"start":{"line":38,"column":27},"end":{"line":38,"column":59}},"type":"binary-expr","locations":[{"start":{"line":38,"column":27},"end":{"line":38,"column":46}},{"start":{"line":38,"column":50},"end":{"line":38,"column":59}}],"line":38},"1":{"loc":{"start":{"line":140,"column":21},"end":{"line":140,"column":53}},"type":"binary-expr","locations":[{"start":{"line":140,"column":21},"end":{"line":140,"column":40}},{"start":{"line":140,"column":44},"end":{"line":140,"column":53}}],"line":140}},"s":{"0":0,"1":0},"f":{"0":0},"b":{"0":[0,0],"1":[0,0]}}
,"C:\\Users\\pro\\Documents\\Workspaces\\mobile\\JobScope-Frontend\\src\\styles\\screens\\authStyles.js": {"path":"C:\\Users\\pro\\Documents\\Workspaces\\mobile\\JobScope-Frontend\\src\\styles\\screens\\authStyles.js","statementMap":{"0":{"start":{"line":3,"column":18},"end":{"line":3,"column":42}},"1":{"start":{"line":5,"column":32},"end":{"line":130,"column":4}},"2":{"start":{"line":6,"column":2},"end":{"line":130,"column":4}}},"fnMap":{"0":{"name":"(anonymous_0)","decl":{"start":{"line":5,"column":32},"end":{"line":5,"column":33}},"loc":{"start":{"line":6,"column":2},"end":{"line":130,"column":4}},"line":6}},"branchMap":{},"s":{"0":0,"1":0,"2":0},"f":{"0":0},"b":{}}
,"C:\\Users\\pro\\Documents\\Workspaces\\mobile\\JobScope-Frontend\\src\\styles\\screens\\detailsStyles.js": {"path":"C:\\Users\\pro\\Documents\\Workspaces\\mobile\\JobScope-Frontend\\src\\styles\\screens\\detailsStyles.js","statementMap":{"0":{"start":{"line":4,"column":35},"end":{"line":71,"column":4}},"1":{"start":{"line":5,"column":2},"end":{"line":71,"column":4}}},"fnMap":{"0":{"name":"(anonymous_0)","decl":{"start":{"line":4,"column":35},"end":{"line":4,"column":36}},"loc":{"start":{"line":5,"column":2},"end":{"line":71,"column":4}},"line":5}},"branchMap":{},"s":{"0":0,"1":0},"f":{"0":0},"b":{}}
,"C:\\Users\\pro\\Documents\\Workspaces\\mobile\\JobScope-Frontend\\src\\styles\\screens\\favoritesStyles.js": {"path":"C:\\Users\\pro\\Documents\\Workspaces\\mobile\\JobScope-Frontend\\src\\styles\\screens\\favoritesStyles.js","statementMap":{"0":{"start":{"line":3,"column":37},"end":{"line":72,"column":4}},"1":{"start":{"line":4,"column":2},"end":{"line":72,"column":4}}},"fnMap":{"0":{"name":"(anonymous_0)","decl":{"start":{"line":3,"column":37},"end":{"line":3,"column":38}},"loc":{"start":{"line":4,"column":2},"end":{"line":72,"column":4}},"line":4}},"branchMap":{},"s":{"0":0,"1":0},"f":{"0":0},"b":{}}
,"C:\\Users\\pro\\Documents\\Workspaces\\mobile\\JobScope-Frontend\\src\\styles\\screens\\homeStyles.js": {"path":"C:\\Users\\pro\\Documents\\Workspaces\\mobile\\JobScope-Frontend\\src\\styles\\screens\\homeStyles.js","statementMap":{"0":{"start":{"line":3,"column":32},"end":{"line":22,"column":2}},"1":{"start":{"line":3,"column":43},"end":{"line":22,"column":2}}},"fnMap":{"0":{"name":"(anonymous_0)","decl":{"start":{"line":3,"column":32},"end":{"line":3,"column":33}},"loc":{"start":{"line":3,"column":43},"end":{"line":22,"column":2}},"line":3}},"branchMap":{},"s":{"0":0,"1":0},"f":{"0":0},"b":{}}
,"C:\\Users\\pro\\Documents\\Workspaces\\mobile\\JobScope-Frontend\\src\\styles\\screens\\profileStyles.js": {"path":"C:\\Users\\pro\\Documents\\Workspaces\\mobile\\JobScope-Frontend\\src\\styles\\screens\\profileStyles.js","statementMap":{"0":{"start":{"line":3,"column":35},"end":{"line":149,"column":4}},"1":{"start":{"line":4,"column":2},"end":{"line":149,"column":4}}},"fnMap":{"0":{"name":"(anonymous_0)","decl":{"start":{"line":3,"column":35},"end":{"line":3,"column":36}},"loc":{"start":{"line":4,"column":2},"end":{"line":149,"column":4}},"line":4}},"branchMap":{},"s":{"0":0,"1":0},"f":{"0":0},"b":{}}
,"C:\\Users\\pro\\Documents\\Workspaces\\mobile\\JobScope-Frontend\\src\\styles\\screens\\screenStyles.js": {"path":"C:\\Users\\pro\\Documents\\Workspaces\\mobile\\JobScope-Frontend\\src\\styles\\screens\\screenStyles.js","statementMap":{"0":{"start":{"line":3,"column":34},"end":{"line":18,"column":2}},"1":{"start":{"line":3,"column":45},"end":{"line":18,"column":2}}},"fnMap":{"0":{"name":"(anonymous_0)","decl":{"start":{"line":3,"column":34},"end":{"line":3,"column":35}},"loc":{"start":{"line":3,"column":45},"end":{"line":18,"column":2}},"line":3}},"branchMap":{},"s":{"0":0,"1":0},"f":{"0":0},"b":{}}
,"C:\\Users\\pro\\Documents\\Workspaces\\mobile\\JobScope-Frontend\\src\\styles\\screens\\settingsStyles.js": {"path":"C:\\Users\\pro\\Documents\\Workspaces\\mobile\\JobScope-Frontend\\src\\styles\\screens\\settingsStyles.js","statementMap":{"0":{"start":{"line":3,"column":36},"end":{"line":38,"column":2}},"1":{"start":{"line":3,"column":47},"end":{"line":38,"column":2}}},"fnMap":{"0":{"name":"(anonymous_0)","decl":{"start":{"line":3,"column":36},"end":{"line":3,"column":37}},"loc":{"start":{"line":3,"column":47},"end":{"line":38,"column":2}},"line":3}},"branchMap":{},"s":{"0":0,"1":0},"f":{"0":0},"b":{}}
,"C:\\Users\\pro\\Documents\\Workspaces\\mobile\\JobScope-Frontend\\src\\styles\\screens\\userFormStyles.js": {"path":"C:\\Users\\pro\\Documents\\Workspaces\\mobile\\JobScope-Frontend\\src\\styles\\screens\\userFormStyles.js","statementMap":{"0":{"start":{"line":3,"column":36},"end":{"line":16,"column":2}},"1":{"start":{"line":3,"column":47},"end":{"line":16,"column":2}}},"fnMap":{"0":{"name":"(anonymous_0)","decl":{"start":{"line":3,"column":36},"end":{"line":3,"column":37}},"loc":{"start":{"line":3,"column":47},"end":{"line":16,"column":2}},"line":3}},"branchMap":{},"s":{"0":0,"1":0},"f":{"0":0},"b":{}}
}
