TN:
SF:src\components\Accordion.jsx
FN:8,Accordion
FN:13,(anonymous_1)
FNF:2
FNH:0
FNDA:0,Accordion
FNDA:0,(anonymous_1)
DA:9,0
DA:10,0
DA:11,0
DA:13,0
DA:14,0
DA:15,0
DA:18,0
LF:7
LH:0
BRDA:30,0,0,0
BRDA:30,0,1,0
BRDA:37,1,0,0
BRDA:37,1,1,0
BRF:4
BRH:0
end_of_record
TN:
SF:src\components\Animated.jsx
FN:4,AnimatedFadeSlide
FN:7,(anonymous_1)
FNF:2
FNH:0
FNDA:0,AnimatedFadeSlide
FNDA:0,(anonymous_1)
DA:5,0
DA:7,0
DA:8,0
DA:9,0
DA:16,0
LF:5
LH:0
BRDA:4,0,0,0
BRF:1
BRH:0
end_of_record
TN:
SF:src\components\BackHeader.jsx
FN:7,BackHeader
FN:12,(anonymous_1)
FNF:2
FNH:0
FNDA:0,BackHeader
FNDA:0,(anonymous_1)
DA:8,0
DA:9,0
DA:10,0
DA:12,0
DA:13,0
DA:14,0
DA:15,0
DA:16,0
DA:18,0
DA:22,0
LF:10
LH:0
BRDA:7,0,0,0
BRDA:7,1,0,0
BRDA:13,2,0,0
BRDA:13,2,1,0
BRDA:15,3,0,0
BRDA:15,3,1,0
BRDA:30,4,0,0
BRDA:30,4,1,0
BRDA:37,5,0,0
BRDA:37,5,1,0
BRF:10
BRH:0
end_of_record
TN:
SF:src\components\Bookmark.jsx
FN:9,Bookmark
FN:18,(anonymous_1)
FN:24,(anonymous_2)
FN:33,(anonymous_3)
FN:44,(anonymous_4)
FNF:5
FNH:0
FNDA:0,Bookmark
FNDA:0,(anonymous_1)
FNDA:0,(anonymous_2)
FNDA:0,(anonymous_3)
FNDA:0,(anonymous_4)
DA:10,0
DA:11,0
DA:12,0
DA:13,0
DA:14,0
DA:16,0
DA:18,0
DA:19,0
DA:20,0
DA:25,0
DA:33,0
DA:34,0
DA:36,0
DA:37,0
DA:44,0
DA:48,0
DA:51,0
DA:53,0
DA:55,0
DA:57,0
DA:58,0
DA:59,0
DA:61,0
DA:65,0
DA:67,0
LF:25
LH:0
BRDA:36,0,0,0
BRDA:36,0,1,0
BRDA:51,1,0,0
BRDA:51,1,1,0
BRDA:75,2,0,0
BRDA:75,2,1,0
BRF:6
BRH:0
end_of_record
TN:
SF:src\components\Button.jsx
FN:5,Button
FN:32,(anonymous_1)
FNF:2
FNH:0
FNDA:0,Button
FNDA:0,(anonymous_1)
DA:14,0
DA:15,0
DA:17,0
DA:25,0
DA:32,0
DA:33,0
DA:34,0
DA:38,0
LF:8
LH:0
BRDA:8,0,0,0
BRDA:9,1,0,0
BRDA:10,2,0,0
BRDA:21,3,0,0
BRDA:21,3,1,0
BRDA:28,4,0,0
BRDA:28,4,1,0
BRDA:33,5,0,0
BRDA:33,5,1,0
BRF:9
BRH:0
end_of_record
TN:
SF:src\components\DashboardA.jsx
FN:12,DashboardA
FN:19,(anonymous_1)
FN:20,(anonymous_2)
FN:28,(anonymous_3)
FNF:4
FNH:0
FNDA:0,DashboardA
FNDA:0,(anonymous_1)
FNDA:0,(anonymous_2)
FNDA:0,(anonymous_3)
DA:13,0
DA:14,0
DA:15,0
DA:16,0
DA:17,0
DA:19,0
DA:20,0
DA:21,0
DA:22,0
DA:23,0
DA:24,0
DA:27,0
DA:28,0
DA:29,0
DA:32,0
DA:34,0
DA:35,0
DA:37,0
DA:41,0
DA:44,0
LF:20
LH:0
BRDA:50,0,0,0
BRDA:50,0,1,0
BRDA:58,1,0,0
BRDA:58,1,1,0
BRDA:58,1,2,0
BRDA:64,2,0,0
BRDA:64,2,1,0
BRDA:64,2,2,0
BRDA:64,2,3,0
BRDA:66,3,0,0
BRDA:66,3,1,0
BRDA:73,4,0,0
BRDA:73,4,1,0
BRDA:80,5,0,0
BRDA:80,5,1,0
BRDA:87,6,0,0
BRDA:87,6,1,0
BRDA:94,7,0,0
BRDA:94,7,1,0
BRF:19
BRH:0
end_of_record
TN:
SF:src\components\DashboardB.jsx
FN:14,DashboardB
FN:23,(anonymous_1)
FN:28,(anonymous_2)
FN:35,(anonymous_3)
FN:36,(anonymous_4)
FN:43,(anonymous_5)
FN:85,(anonymous_6)
FN:86,(anonymous_7)
FN:87,(anonymous_8)
FN:92,(anonymous_9)
FNF:10
FNH:0
FNDA:0,DashboardB
FNDA:0,(anonymous_1)
FNDA:0,(anonymous_2)
FNDA:0,(anonymous_3)
FNDA:0,(anonymous_4)
FNDA:0,(anonymous_5)
FNDA:0,(anonymous_6)
FNDA:0,(anonymous_7)
FNDA:0,(anonymous_8)
FNDA:0,(anonymous_9)
DA:12,0
DA:15,0
DA:16,0
DA:17,0
DA:18,0
DA:19,0
DA:20,0
DA:21,0
DA:23,0
DA:28,0
DA:29,0
DA:35,0
DA:36,0
DA:37,0
DA:38,0
DA:39,0
DA:40,0
DA:42,0
DA:43,0
DA:44,0
DA:47,0
DA:49,0
DA:50,0
DA:52,0
DA:56,0
DA:59,0
DA:85,0
DA:86,0
DA:88,0
DA:89,0
DA:93,0
LF:31
LH:0
BRDA:82,0,0,0
BRDA:82,0,1,0
BRDA:97,1,0,0
BRDA:97,1,1,0
BRDA:106,2,0,0
BRDA:106,2,1,0
BRDA:118,3,0,0
BRDA:118,3,1,0
BRDA:126,4,0,0
BRDA:126,4,1,0
BRDA:126,4,2,0
BRDA:133,5,0,0
BRDA:133,5,1,0
BRDA:133,5,2,0
BRDA:133,5,3,0
BRDA:135,6,0,0
BRDA:135,6,1,0
BRDA:143,7,0,0
BRDA:143,7,1,0
BRDA:151,8,0,0
BRDA:151,8,1,0
BRDA:159,9,0,0
BRDA:159,9,1,0
BRF:23
BRH:0
end_of_record
TN:
SF:src\components\JobCard.jsx
FN:9,JobCard
FN:18,(anonymous_1)
FN:70,(anonymous_2)
FNF:3
FNH:0
FNDA:0,JobCard
FNDA:0,(anonymous_1)
FNDA:0,(anonymous_2)
DA:10,0
DA:11,0
DA:12,0
DA:14,0
DA:15,0
DA:18,0
DA:19,0
DA:24,0
DA:71,0
LF:9
LH:0
BRDA:14,0,0,0
BRDA:14,0,1,0
BRDA:20,1,0,0
BRDA:20,1,1,0
BRDA:32,2,0,0
BRDA:32,2,1,0
BRDA:66,3,0,0
BRDA:66,3,1,0
BRDA:68,4,0,0
BRDA:68,4,1,0
BRF:10
BRH:0
end_of_record
TN:
SF:src\components\JobHeader.jsx
FN:8,JobHeader
FN:14,(anonymous_1)
FNF:2
FNH:0
FNDA:0,JobHeader
FNDA:0,(anonymous_1)
DA:9,0
DA:10,0
DA:11,0
DA:12,0
DA:14,0
DA:15,0
DA:20,0
LF:7
LH:0
BRDA:8,0,0,0
BRDA:8,1,0,0
BRDA:22,2,0,0
BRDA:22,2,1,0
BRDA:24,3,0,0
BRDA:24,3,1,0
BRDA:24,4,0,0
BRDA:24,4,1,0
BRDA:43,5,0,0
BRDA:43,5,1,0
BRF:10
BRH:0
end_of_record
TN:
SF:src\components\JobTag.jsx
FN:5,JobTag
FNF:1
FNH:0
FNDA:0,JobTag
DA:6,0
DA:7,0
DA:9,0
LF:3
LH:0
BRDA:5,0,0,0
BRF:1
BRH:0
end_of_record
TN:
SF:src\components\ResponsiveGrid.jsx
FN:4,ResponsiveGrid
FN:18,(anonymous_1)
FN:36,(anonymous_2)
FNF:3
FNH:0
FNDA:0,ResponsiveGrid
FNDA:0,(anonymous_1)
FNDA:0,(anonymous_2)
DA:14,0
DA:15,0
DA:16,0
DA:18,0
DA:19,0
DA:20,0
DA:21,0
DA:22,0
DA:25,0
DA:26,0
DA:28,0
DA:37,0
LF:12
LH:0
BRDA:6,0,0,0
BRDA:7,1,0,0
BRDA:12,2,0,0
BRDA:19,3,0,0
BRDA:19,3,1,0
BRDA:20,4,0,0
BRDA:20,4,1,0
BRDA:21,5,0,0
BRDA:21,5,1,0
BRDA:26,6,0,0
BRDA:26,6,1,0
BRDA:32,7,0,0
BRDA:32,7,1,0
BRDA:32,7,2,0
BRDA:38,8,0,0
BRDA:38,8,1,0
BRDA:41,9,0,0
BRDA:41,9,1,0
BRDA:41,9,2,0
BRF:19
BRH:0
end_of_record
TN:
SF:src\components\SearchBar.jsx
FN:11,SearchBar
FN:37,(anonymous_1)
FN:62,(anonymous_2)
FN:90,(anonymous_3)
FN:113,(anonymous_4)
FN:114,(anonymous_5)
FN:118,(anonymous_6)
FN:172,(anonymous_7)
FN:187,(anonymous_8)
FN:192,(anonymous_9)
FN:197,(anonymous_10)
FN:210,(anonymous_11)
FN:216,(anonymous_12)
FN:221,(anonymous_13)
FN:226,(anonymous_14)
FN:235,(anonymous_15)
FN:240,(anonymous_16)
FN:245,(anonymous_17)
FN:250,(anonymous_18)
FN:279,CheckBoxItem
FNF:20
FNH:0
FNDA:0,SearchBar
FNDA:0,(anonymous_1)
FNDA:0,(anonymous_2)
FNDA:0,(anonymous_3)
FNDA:0,(anonymous_4)
FNDA:0,(anonymous_5)
FNDA:0,(anonymous_6)
FNDA:0,(anonymous_7)
FNDA:0,(anonymous_8)
FNDA:0,(anonymous_9)
FNDA:0,(anonymous_10)
FNDA:0,(anonymous_11)
FNDA:0,(anonymous_12)
FNDA:0,(anonymous_13)
FNDA:0,(anonymous_14)
FNDA:0,(anonymous_15)
FNDA:0,(anonymous_16)
FNDA:0,(anonymous_17)
FNDA:0,(anonymous_18)
FNDA:0,CheckBoxItem
DA:20,0
DA:21,0
DA:22,0
DA:23,0
DA:25,0
DA:37,0
DA:38,0
DA:40,0
DA:41,0
DA:43,0
DA:44,0
DA:45,0
DA:57,0
DA:58,0
DA:62,0
DA:63,0
DA:65,0
DA:67,0
DA:68,0
DA:70,0
DA:71,0
DA:72,0
DA:84,0
DA:85,0
DA:90,0
DA:91,0
DA:102,0
DA:103,0
DA:104,0
DA:106,0
DA:108,0
DA:109,0
DA:113,0
DA:114,0
DA:118,0
DA:119,0
DA:126,0
DA:127,0
DA:128,0
DA:129,0
DA:132,0
DA:133,0
DA:134,0
DA:135,0
DA:137,0
DA:138,0
DA:139,0
DA:141,0
DA:145,0
DA:172,0
DA:187,0
DA:192,0
DA:197,0
DA:210,0
DA:216,0
DA:221,0
DA:226,0
DA:235,0
DA:240,0
DA:245,0
DA:250,0
DA:280,0
DA:281,0
DA:283,0
LF:64
LH:0
BRDA:14,0,0,0
BRDA:15,1,0,0
BRDA:16,2,0,0
BRDA:17,3,0,0
BRDA:26,4,0,0
BRDA:26,4,1,0
BRDA:27,5,0,0
BRDA:27,5,1,0
BRDA:28,6,0,0
BRDA:28,6,1,0
BRDA:29,7,0,0
BRDA:29,7,1,0
BRDA:31,8,0,0
BRDA:31,8,1,0
BRDA:32,9,0,0
BRDA:32,9,1,0
BRDA:33,10,0,0
BRDA:33,10,1,0
BRDA:34,11,0,0
BRDA:34,11,1,0
BRDA:40,12,0,0
BRDA:40,12,1,0
BRDA:43,13,0,0
BRDA:43,13,1,0
BRDA:57,14,0,0
BRDA:57,14,1,0
BRDA:67,15,0,0
BRDA:67,15,1,0
BRDA:70,16,0,0
BRDA:70,16,1,0
BRDA:84,17,0,0
BRDA:84,17,1,0
BRDA:108,18,0,0
BRDA:108,18,1,0
BRDA:120,19,0,0
BRDA:120,19,1,0
BRDA:126,20,0,0
BRDA:126,20,1,0
BRDA:127,21,0,0
BRDA:127,21,1,0
BRDA:128,22,0,0
BRDA:128,22,1,0
BRDA:129,23,0,0
BRDA:129,23,1,0
BRDA:132,24,0,0
BRDA:132,24,1,0
BRDA:133,25,0,0
BRDA:133,25,1,0
BRDA:134,26,0,0
BRDA:134,26,1,0
BRDA:135,27,0,0
BRDA:135,27,1,0
BRDA:137,28,0,0
BRDA:137,28,1,0
BRDA:138,29,0,0
BRDA:138,29,1,0
BRDA:139,30,0,0
BRDA:139,30,1,0
BRDA:288,31,0,0
BRDA:288,31,1,0
BRF:60
BRH:0
end_of_record
TN:
SF:src\components\SplashScreen.jsx
FN:4,SplashScreen
FN:8,(anonymous_1)
FN:34,(anonymous_2)
FN:48,(anonymous_3)
FN:53,(anonymous_4)
FNF:5
FNH:0
FNDA:0,SplashScreen
FNDA:0,(anonymous_1)
FNDA:0,(anonymous_2)
FNDA:0,(anonymous_3)
FNDA:0,(anonymous_4)
DA:5,0
DA:6,0
DA:8,0
DA:9,0
DA:15,0
DA:32,0
DA:34,0
DA:35,0
DA:37,0
DA:49,0
DA:53,0
DA:56,0
DA:74,0
LF:13
LH:0
BRF:0
BRH:0
end_of_record
TN:
SF:src\components\charts\HardSkillsChart.jsx
FN:15,HardSkillsChart
FN:18,(anonymous_1)
FN:28,(anonymous_2)
FN:50,(anonymous_3)
FNF:4
FNH:0
FNDA:0,HardSkillsChart
FNDA:0,(anonymous_1)
FNDA:0,(anonymous_2)
FNDA:0,(anonymous_3)
DA:6,0
DA:16,0
DA:17,0
DA:18,0
DA:20,0
DA:29,0
DA:51,0
LF:7
LH:0
BRDA:37,0,0,0
BRDA:37,0,1,0
BRF:2
BRH:0
end_of_record
TN:
SF:src\components\charts\JobTypeChart.jsx
FN:7,JobTypeChart
FN:27,(anonymous_1)
FN:45,(anonymous_2)
FN:71,(anonymous_3)
FNF:4
FNH:0
FNDA:0,JobTypeChart
FNDA:0,(anonymous_1)
FNDA:0,(anonymous_2)
FNDA:0,(anonymous_3)
DA:8,0
DA:9,0
DA:12,0
DA:13,0
DA:24,0
DA:27,0
DA:34,0
DA:46,0
DA:72,0
LF:9
LH:0
BRDA:12,0,0,0
BRDA:12,0,1,0
BRDA:12,1,0,0
BRDA:12,1,1,0
BRDA:15,2,0,0
BRDA:15,2,1,0
BRDA:44,3,0,0
BRDA:44,3,1,0
BRDA:52,4,0,0
BRDA:52,4,1,0
BRDA:62,5,0,0
BRDA:62,5,1,0
BRDA:90,6,0,0
BRDA:90,6,1,0
BRDA:97,7,0,0
BRDA:97,7,1,0
BRF:16
BRH:0
end_of_record
TN:
SF:src\components\charts\ProgrammingLanguagesChart.jsx
FN:6,ProgrammingLanguagesChart
FN:9,(anonymous_1)
FN:23,(anonymous_2)
FNF:3
FNH:0
FNDA:0,ProgrammingLanguagesChart
FNDA:0,(anonymous_1)
FNDA:0,(anonymous_2)
DA:7,0
DA:8,0
DA:9,0
DA:11,0
DA:19,0
DA:24,0
LF:6
LH:0
BRDA:9,0,0,0
BRDA:9,0,1,0
BRDA:34,1,0,0
BRDA:34,1,1,0
BRDA:35,2,0,0
BRDA:35,2,1,0
BRDA:36,3,0,0
BRDA:36,3,1,0
BRDA:37,4,0,0
BRDA:37,4,1,0
BRDA:37,5,0,0
BRDA:37,5,1,0
BRDA:52,6,0,0
BRDA:52,6,1,0
BRF:14
BRH:0
end_of_record
TN:
SF:src\components\charts\RadarDomainChart.jsx
FN:7,RadarDomainChart
FN:24,(anonymous_1)
FN:29,(anonymous_2)
FN:73,(anonymous_3)
FNF:4
FNH:0
FNDA:0,RadarDomainChart
FNDA:0,(anonymous_1)
FNDA:0,(anonymous_2)
FNDA:0,(anonymous_3)
DA:8,0
DA:9,0
DA:11,0
DA:12,0
DA:24,0
DA:29,0
DA:30,0
DA:32,0
DA:74,0
LF:9
LH:0
BRDA:11,0,0,0
BRDA:11,0,1,0
BRDA:11,1,0,0
BRDA:11,1,1,0
BRDA:15,2,0,0
BRDA:15,2,1,0
BRF:6
BRH:0
end_of_record
TN:
SF:src\components\charts\SeniorityDistributionChart.jsx
FN:7,SeniorityDistributionChart
FN:26,(anonymous_1)
FN:44,(anonymous_2)
FN:76,(anonymous_3)
FNF:4
FNH:0
FNDA:0,SeniorityDistributionChart
FNDA:0,(anonymous_1)
FNDA:0,(anonymous_2)
FNDA:0,(anonymous_3)
DA:8,0
DA:9,0
DA:11,0
DA:12,0
DA:23,0
DA:26,0
DA:33,0
DA:45,0
DA:77,0
LF:9
LH:0
BRDA:11,0,0,0
BRDA:11,0,1,0
BRDA:11,1,0,0
BRDA:11,1,1,0
BRDA:14,2,0,0
BRDA:14,2,1,0
BRDA:43,3,0,0
BRDA:43,3,1,0
BRDA:54,4,0,0
BRDA:54,4,1,0
BRDA:68,5,0,0
BRDA:68,5,1,0
BRF:12
BRH:0
end_of_record
TN:
SF:src\components\charts\SoftKillsChart.jsx
FN:14,SoftSkillsChart
FN:17,(anonymous_1)
FN:27,(anonymous_2)
FN:48,(anonymous_3)
FNF:4
FNH:0
FNDA:0,SoftSkillsChart
FNDA:0,(anonymous_1)
FNDA:0,(anonymous_2)
FNDA:0,(anonymous_3)
DA:6,0
DA:15,0
DA:16,0
DA:17,0
DA:19,0
DA:28,0
DA:49,0
LF:7
LH:0
BRDA:35,0,0,0
BRDA:35,0,1,0
BRF:2
BRH:0
end_of_record
TN:
SF:src\components\charts\TopCitiesChart.jsx
FN:5,TopCitiesChart
FN:28,(anonymous_1)
FN:31,(anonymous_2)
FN:37,(anonymous_3)
FNF:4
FNH:0
FNDA:0,TopCitiesChart
FNDA:0,(anonymous_1)
FNDA:0,(anonymous_2)
FNDA:0,(anonymous_3)
DA:6,0
DA:7,0
DA:9,0
DA:17,0
DA:18,0
DA:27,0
DA:28,0
DA:31,0
DA:33,0
DA:38,0
LF:10
LH:0
BRDA:17,0,0,0
BRDA:17,0,1,0
BRDA:17,1,0,0
BRDA:17,1,1,0
BRDA:20,2,0,0
BRDA:20,2,1,0
BRDA:47,3,0,0
BRDA:47,3,1,0
BRDA:57,4,0,0
BRDA:57,4,1,0
BRDA:59,5,0,0
BRDA:59,5,1,0
BRDA:61,6,0,0
BRDA:61,6,1,0
BRF:14
BRH:0
end_of_record
TN:
SF:src\components\charts\TopTechnologiesChart.jsx
FN:6,TopTechnologiesChart
FN:30,(anonymous_1)
FN:33,(anonymous_2)
FN:39,(anonymous_3)
FNF:4
FNH:0
FNDA:0,TopTechnologiesChart
FNDA:0,(anonymous_1)
FNDA:0,(anonymous_2)
FNDA:0,(anonymous_3)
DA:7,0
DA:8,0
DA:10,0
DA:18,0
DA:19,0
DA:29,0
DA:30,0
DA:33,0
DA:35,0
DA:40,0
LF:10
LH:0
BRDA:18,0,0,0
BRDA:18,0,1,0
BRDA:18,1,0,0
BRDA:18,1,1,0
BRDA:21,2,0,0
BRDA:21,2,1,0
BRDA:50,3,0,0
BRDA:50,3,1,0
BRF:8
BRH:0
end_of_record
TN:
SF:src\context\FavoritesContext.js
FN:7,(anonymous_0)
FN:12,(anonymous_1)
FN:20,(anonymous_2)
FN:25,(anonymous_3)
FN:34,(anonymous_4)
FN:37,(anonymous_5)
FN:44,(anonymous_6)
FN:47,(anonymous_7)
FN:58,(anonymous_8)
FN:66,(anonymous_9)
FN:70,(anonymous_10)
FN:93,(anonymous_11)
FNF:12
FNH:0
FNDA:0,(anonymous_0)
FNDA:0,(anonymous_1)
FNDA:0,(anonymous_2)
FNDA:0,(anonymous_3)
FNDA:0,(anonymous_4)
FNDA:0,(anonymous_5)
FNDA:0,(anonymous_6)
FNDA:0,(anonymous_7)
FNDA:0,(anonymous_8)
FNDA:0,(anonymous_9)
FNDA:0,(anonymous_10)
FNDA:0,(anonymous_11)
DA:5,0
DA:7,0
DA:8,0
DA:9,0
DA:10,0
DA:12,0
DA:13,0
DA:14,0
DA:16,0
DA:20,0
DA:21,0
DA:22,0
DA:23,0
DA:24,0
DA:25,0
DA:26,0
DA:28,0
DA:30,0
DA:34,0
DA:35,0
DA:36,0
DA:37,0
DA:38,0
DA:40,0
DA:44,0
DA:45,0
DA:46,0
DA:47,0
DA:48,0
DA:49,0
DA:50,0
DA:52,0
DA:54,0
DA:58,0
DA:59,0
DA:60,0
DA:62,0
DA:66,0
DA:67,0
DA:70,0
DA:71,0
DA:72,0
DA:76,0
DA:93,0
DA:94,0
DA:95,0
DA:96,0
DA:98,0
LF:48
LH:0
BRDA:13,0,0,0
BRDA:13,0,1,0
BRDA:24,1,0,0
BRDA:24,1,1,0
BRDA:24,1,2,0
BRDA:25,2,0,0
BRDA:25,2,1,0
BRDA:59,3,0,0
BRDA:59,3,1,0
BRDA:71,4,0,0
BRDA:71,4,1,0
BRDA:95,5,0,0
BRDA:95,5,1,0
BRF:13
BRH:0
end_of_record
TN:
SF:src\context\ThemeContext.js
FN:6,ThemeProvider
FN:9,(anonymous_1)
FN:10,(anonymous_2)
FN:12,(anonymous_3)
FNF:4
FNH:0
FNDA:0,ThemeProvider
FNDA:0,(anonymous_1)
FNDA:0,(anonymous_2)
FNDA:0,(anonymous_3)
DA:4,0
DA:7,0
DA:9,0
DA:10,0
DA:12,0
DA:13,0
DA:16,0
LF:7
LH:0
BRDA:10,0,0,0
BRDA:10,0,1,0
BRDA:13,1,0,0
BRDA:13,1,1,0
BRF:4
BRH:0
end_of_record
TN:
SF:src\context\UserContext.js
FN:8,(anonymous_0)
FN:12,(anonymous_1)
FN:16,(anonymous_2)
FN:29,(anonymous_3)
FN:36,(anonymous_4)
FN:43,(anonymous_5)
FN:49,(anonymous_6)
FN:74,(anonymous_7)
FNF:8
FNH:0
FNDA:0,(anonymous_0)
FNDA:0,(anonymous_1)
FNDA:0,(anonymous_2)
FNDA:0,(anonymous_3)
FNDA:0,(anonymous_4)
FNDA:0,(anonymous_5)
FNDA:0,(anonymous_6)
FNDA:0,(anonymous_7)
DA:6,0
DA:8,0
DA:9,0
DA:10,0
DA:12,0
DA:13,0
DA:16,0
DA:17,0
DA:18,0
DA:19,0
DA:20,0
DA:23,0
DA:25,0
DA:29,0
DA:30,0
DA:31,0
DA:32,0
DA:33,0
DA:36,0
DA:37,0
DA:38,0
DA:39,0
DA:40,0
DA:43,0
DA:44,0
DA:45,0
DA:46,0
DA:49,0
DA:50,0
DA:51,0
DA:52,0
DA:53,0
DA:57,0
DA:74,0
DA:75,0
DA:76,0
DA:77,0
DA:79,0
LF:38
LH:0
BRDA:19,0,0,0
BRDA:19,0,1,0
BRDA:50,1,0,0
BRDA:50,1,1,0
BRDA:51,2,0,0
BRDA:51,2,1,0
BRDA:76,3,0,0
BRDA:76,3,1,0
BRF:8
BRH:0
end_of_record
TN:
SF:src\navigation\AppNavigator.jsx
FN:27,Tabs
FN:47,(anonymous_1)
FN:60,(anonymous_2)
FN:73,(anonymous_3)
FN:86,(anonymous_4)
FN:99,(anonymous_5)
FN:111,AppNavigator
FNF:7
FNH:0
FNDA:0,Tabs
FNDA:0,(anonymous_1)
FNDA:0,(anonymous_2)
FNDA:0,(anonymous_3)
FNDA:0,(anonymous_4)
FNDA:0,(anonymous_5)
FNDA:0,AppNavigator
DA:24,0
DA:25,0
DA:28,0
DA:29,0
DA:30,0
DA:31,0
DA:33,0
DA:48,0
DA:61,0
DA:74,0
DA:87,0
DA:100,0
DA:112,0
DA:113,0
DA:115,0
DA:116,0
DA:123,0
LF:17
LH:0
BRDA:31,0,0,0
BRDA:31,0,1,0
BRDA:49,1,0,0
BRDA:49,1,1,0
BRDA:62,2,0,0
BRDA:62,2,1,0
BRDA:75,3,0,0
BRDA:75,3,1,0
BRDA:81,4,0,0
BRDA:81,4,1,0
BRDA:88,5,0,0
BRDA:88,5,1,0
BRDA:101,6,0,0
BRDA:101,6,1,0
BRDA:115,7,0,0
BRDA:115,7,1,0
BRDA:124,8,0,0
BRDA:124,8,1,0
BRF:18
BRH:0
end_of_record
TN:
SF:src\screens\AdminScreen.jsx
FN:11,AdminUsersScreen
FN:31,(anonymous_1)
FN:35,(anonymous_2)
FN:49,(anonymous_3)
FN:58,(anonymous_4)
FN:77,(anonymous_5)
FN:88,(anonymous_6)
FN:99,(anonymous_7)
FN:151,(anonymous_8)
FN:174,(anonymous_9)
FN:184,(anonymous_10)
FN:210,(anonymous_11)
FN:218,(anonymous_12)
FN:242,(anonymous_13)
FN:255,(anonymous_14)
FN:263,(anonymous_15)
FN:271,(anonymous_16)
FN:288,(anonymous_17)
FN:293,(anonymous_18)
FN:301,(anonymous_19)
FN:306,(anonymous_20)
FN:315,(anonymous_21)
FNF:22
FNH:0
FNDA:0,AdminUsersScreen
FNDA:0,(anonymous_1)
FNDA:0,(anonymous_2)
FNDA:0,(anonymous_3)
FNDA:0,(anonymous_4)
FNDA:0,(anonymous_5)
FNDA:0,(anonymous_6)
FNDA:0,(anonymous_7)
FNDA:0,(anonymous_8)
FNDA:0,(anonymous_9)
FNDA:0,(anonymous_10)
FNDA:0,(anonymous_11)
FNDA:0,(anonymous_12)
FNDA:0,(anonymous_13)
FNDA:0,(anonymous_14)
FNDA:0,(anonymous_15)
FNDA:0,(anonymous_16)
FNDA:0,(anonymous_17)
FNDA:0,(anonymous_18)
FNDA:0,(anonymous_19)
FNDA:0,(anonymous_20)
FNDA:0,(anonymous_21)
DA:12,0
DA:13,0
DA:14,0
DA:16,0
DA:17,0
DA:18,0
DA:19,0
DA:20,0
DA:22,0
DA:23,0
DA:24,0
DA:31,0
DA:32,0
DA:35,0
DA:36,0
DA:37,0
DA:38,0
DA:39,0
DA:40,0
DA:41,0
DA:43,0
DA:45,0
DA:49,0
DA:50,0
DA:59,0
DA:60,0
DA:61,0
DA:63,0
DA:64,0
DA:66,0
DA:69,0
DA:77,0
DA:78,0
DA:79,0
DA:85,0
DA:88,0
DA:89,0
DA:90,0
DA:91,0
DA:92,0
DA:93,0
DA:95,0
DA:99,0
DA:100,0
DA:101,0
DA:102,0
DA:106,0
DA:107,0
DA:117,0
DA:151,0
DA:174,0
DA:185,0
DA:210,0
DA:218,0
DA:242,0
DA:255,0
DA:263,0
DA:271,0
DA:288,0
DA:293,0
DA:301,0
DA:306,0
DA:315,0
LF:63
LH:0
BRDA:63,0,0,0
BRDA:63,0,1,0
BRDA:63,1,0,0
BRDA:63,1,1,0
BRDA:69,2,0,0
BRDA:69,2,1,0
BRDA:95,3,0,0
BRDA:95,3,1,0
BRDA:100,4,0,0
BRDA:100,4,1,0
BRDA:106,5,0,0
BRDA:106,5,1,0
BRDA:106,6,0,0
BRDA:106,6,1,0
BRDA:127,7,0,0
BRDA:127,7,1,0
BRDA:135,8,0,0
BRDA:135,8,1,0
BRDA:149,9,0,0
BRDA:149,9,1,0
BRDA:152,10,0,0
BRDA:152,10,1,0
BRDA:172,11,0,0
BRDA:172,11,1,0
BRDA:175,12,0,0
BRDA:175,12,1,0
BRDA:230,13,0,0
BRDA:230,13,1,0
BRDA:230,13,2,0
BRDA:292,14,0,0
BRDA:292,14,1,0
BRDA:305,15,0,0
BRDA:305,15,1,0
BRF:33
BRH:0
end_of_record
TN:
SF:src\screens\AuthScreen.jsx
FN:24,AuthScreen
FN:51,(anonymous_1)
FN:71,(anonymous_2)
FN:129,(anonymous_3)
FN:138,(anonymous_4)
FN:167,(anonymous_5)
FN:246,(anonymous_6)
FN:345,(anonymous_7)
FNF:8
FNH:0
FNDA:0,AuthScreen
FNDA:0,(anonymous_1)
FNDA:0,(anonymous_2)
FNDA:0,(anonymous_3)
FNDA:0,(anonymous_4)
FNDA:0,(anonymous_5)
FNDA:0,(anonymous_6)
FNDA:0,(anonymous_7)
DA:22,0
DA:25,0
DA:26,0
DA:27,0
DA:28,0
DA:30,0
DA:31,0
DA:33,0
DA:34,0
DA:35,0
DA:36,0
DA:37,0
DA:39,0
DA:40,0
DA:41,0
DA:42,0
DA:43,0
DA:44,0
DA:45,0
DA:47,0
DA:51,0
DA:52,0
DA:54,0
DA:55,0
DA:56,0
DA:59,0
DA:61,0
DA:62,0
DA:63,0
DA:65,0
DA:67,0
DA:71,0
DA:72,0
DA:74,0
DA:75,0
DA:76,0
DA:79,0
DA:80,0
DA:81,0
DA:84,0
DA:86,0
DA:87,0
DA:89,0
DA:90,0
DA:97,0
DA:98,0
DA:102,0
DA:104,0
DA:109,0
DA:110,0
DA:113,0
DA:114,0
DA:118,0
DA:125,0
DA:129,0
DA:130,0
DA:131,0
DA:138,0
DA:139,0
DA:140,0
DA:147,0
DA:167,0
DA:246,0
DA:345,0
LF:64
LH:0
BRDA:48,0,0,0
BRDA:48,0,1,0
BRDA:54,1,0,0
BRDA:54,1,1,0
BRDA:54,2,0,0
BRDA:54,2,1,0
BRDA:74,3,0,0
BRDA:74,3,1,0
BRDA:74,4,0,0
BRDA:74,4,1,0
BRDA:74,4,2,0
BRDA:74,4,3,0
BRDA:79,5,0,0
BRDA:79,5,1,0
BRDA:97,6,0,0
BRDA:97,6,1,0
BRDA:109,7,0,0
BRDA:109,7,1,0
BRDA:113,8,0,0
BRDA:113,8,1,0
BRDA:119,9,0,0
BRDA:119,9,1,0
BRDA:119,9,2,0
BRDA:250,10,0,0
BRDA:250,10,1,0
BRDA:258,11,0,0
BRDA:258,11,1,0
BRDA:269,12,0,0
BRDA:269,12,1,0
BRDA:350,13,0,0
BRDA:350,13,1,0
BRDA:359,14,0,0
BRDA:359,14,1,0
BRDA:370,15,0,0
BRDA:370,15,1,0
BRF:35
BRH:0
end_of_record
TN:
SF:src\screens\DetailsScreen.jsx
FN:19,DetailsScreen
FN:31,(anonymous_1)
FN:37,(anonymous_2)
FN:167,(anonymous_3)
FN:189,(anonymous_4)
FNF:5
FNH:0
FNDA:0,DetailsScreen
FNDA:0,(anonymous_1)
FNDA:0,(anonymous_2)
FNDA:0,(anonymous_3)
FNDA:0,(anonymous_4)
DA:20,0
DA:21,0
DA:22,0
DA:24,0
DA:26,0
DA:27,0
DA:28,0
DA:29,0
DA:31,0
DA:32,0
DA:33,0
DA:37,0
DA:38,0
DA:39,0
DA:41,0
DA:42,0
DA:43,0
DA:45,0
DA:47,0
DA:51,0
DA:52,0
DA:64,0
DA:65,0
DA:82,0
DA:83,0
DA:95,0
DA:97,0
DA:167,0
DA:190,0
LF:29
LH:0
BRDA:24,0,0,0
BRDA:24,0,1,0
BRDA:32,1,0,0
BRDA:32,1,1,0
BRDA:32,2,0,0
BRDA:32,2,1,0
BRDA:51,3,0,0
BRDA:51,3,1,0
BRDA:64,4,0,0
BRDA:64,4,1,0
BRDA:82,5,0,0
BRDA:82,5,1,0
BRDA:95,6,0,0
BRDA:95,6,1,0
BRDA:102,7,0,0
BRDA:102,7,1,0
BRDA:134,8,0,0
BRDA:134,8,1,0
BRDA:137,9,0,0
BRDA:137,9,1,0
BRDA:147,10,0,0
BRDA:147,10,1,0
BRDA:160,11,0,0
BRDA:160,11,1,0
BRDA:165,12,0,0
BRDA:165,12,1,0
BRDA:171,13,0,0
BRDA:171,13,1,0
BRF:28
BRH:0
end_of_record
TN:
SF:src\screens\FavoritesScreen.jsx
FN:21,FavoritesScreen
FN:38,(anonymous_1)
FN:46,(anonymous_2)
FN:68,(anonymous_3)
FN:70,(anonymous_4)
FN:71,(anonymous_5)
FN:73,(anonymous_6)
FN:84,(anonymous_7)
FN:106,(anonymous_8)
FN:163,(anonymous_9)
FN:183,(anonymous_10)
FN:197,(anonymous_11)
FNF:12
FNH:0
FNDA:0,FavoritesScreen
FNDA:0,(anonymous_1)
FNDA:0,(anonymous_2)
FNDA:0,(anonymous_3)
FNDA:0,(anonymous_4)
FNDA:0,(anonymous_5)
FNDA:0,(anonymous_6)
FNDA:0,(anonymous_7)
FNDA:0,(anonymous_8)
FNDA:0,(anonymous_9)
FNDA:0,(anonymous_10)
FNDA:0,(anonymous_11)
DA:22,0
DA:23,0
DA:24,0
DA:25,0
DA:26,0
DA:27,0
DA:29,0
DA:30,0
DA:31,0
DA:32,0
DA:33,0
DA:34,0
DA:35,0
DA:37,0
DA:39,0
DA:40,0
DA:41,0
DA:46,0
DA:47,0
DA:49,0
DA:51,0
DA:52,0
DA:54,0
DA:55,0
DA:56,0
DA:57,0
DA:59,0
DA:60,0
DA:61,0
DA:63,0
DA:64,0
DA:68,0
DA:69,0
DA:70,0
DA:71,0
DA:73,0
DA:75,0
DA:76,0
DA:77,0
DA:78,0
DA:79,0
DA:84,0
DA:85,0
DA:86,0
DA:90,0
DA:91,0
DA:106,0
DA:116,0
DA:117,0
DA:127,0
DA:128,0
DA:147,0
DA:163,0
DA:183,0
DA:198,0
LF:55
LH:0
BRDA:39,0,0,0
BRDA:39,0,1,0
BRDA:47,1,0,0
BRDA:47,1,1,0
BRDA:54,2,0,0
BRDA:54,2,1,0
BRDA:54,2,2,0
BRDA:55,3,0,0
BRDA:55,3,1,0
BRDA:56,4,0,0
BRDA:56,4,1,0
BRDA:56,5,0,0
BRDA:56,5,1,0
BRDA:57,6,0,0
BRDA:57,6,1,0
BRDA:69,7,0,0
BRDA:69,7,1,0
BRDA:71,8,0,0
BRDA:71,8,1,0
BRDA:75,9,0,0
BRDA:75,9,1,0
BRDA:75,10,0,0
BRDA:75,10,1,0
BRDA:78,11,0,0
BRDA:78,11,1,0
BRDA:85,12,0,0
BRDA:85,12,1,0
BRDA:85,13,0,0
BRDA:85,13,1,0
BRDA:90,14,0,0
BRDA:90,14,1,0
BRDA:116,15,0,0
BRDA:116,15,1,0
BRDA:116,16,0,0
BRDA:116,16,1,0
BRDA:127,17,0,0
BRDA:127,17,1,0
BRDA:127,18,0,0
BRDA:127,18,1,0
BRDA:156,19,0,0
BRDA:156,19,1,0
BRDA:161,20,0,0
BRDA:161,20,1,0
BRDA:164,21,0,0
BRDA:164,21,1,0
BRDA:180,22,0,0
BRDA:180,22,1,0
BRDA:184,23,0,0
BRDA:184,23,1,0
BRDA:199,24,0,0
BRDA:199,24,1,0
BRDA:206,25,0,0
BRDA:206,25,1,0
BRF:53
BRH:0
end_of_record
TN:
SF:src\screens\HomeScreen.jsx
FN:11,HomeScreen
FN:17,(anonymous_1)
FN:21,(anonymous_2)
FN:44,(anonymous_3)
FNF:4
FNH:0
FNDA:0,HomeScreen
FNDA:0,(anonymous_1)
FNDA:0,(anonymous_2)
FNDA:0,(anonymous_3)
DA:12,0
DA:13,0
DA:14,0
DA:15,0
DA:17,0
DA:18,0
DA:21,0
DA:22,0
DA:24,0
DA:25,0
DA:27,0
DA:29,0
DA:31,0
DA:35,0
DA:45,0
LF:15
LH:0
BRDA:24,0,0,0
BRDA:24,0,1,0
BRDA:24,1,0,0
BRDA:24,1,1,0
BRF:4
BRH:0
end_of_record
TN:
SF:src\screens\JobsScreen.jsx
FN:18,JobsScreen
FN:35,(anonymous_1)
FN:45,(anonymous_2)
FN:52,(anonymous_3)
FN:77,(anonymous_4)
FN:128,(anonymous_5)
FN:182,(anonymous_6)
FN:205,(anonymous_7)
FN:215,(anonymous_8)
FNF:9
FNH:0
FNDA:0,JobsScreen
FNDA:0,(anonymous_1)
FNDA:0,(anonymous_2)
FNDA:0,(anonymous_3)
FNDA:0,(anonymous_4)
FNDA:0,(anonymous_5)
FNDA:0,(anonymous_6)
FNDA:0,(anonymous_7)
FNDA:0,(anonymous_8)
DA:19,0
DA:20,0
DA:22,0
DA:24,0
DA:25,0
DA:26,0
DA:27,0
DA:28,0
DA:29,0
DA:30,0
DA:31,0
DA:33,0
DA:35,0
DA:36,0
DA:37,0
DA:38,0
DA:39,0
DA:40,0
DA:41,0
DA:42,0
DA:45,0
DA:46,0
DA:47,0
DA:48,0
DA:52,0
DA:53,0
DA:54,0
DA:56,0
DA:57,0
DA:59,0
DA:60,0
DA:61,0
DA:62,0
DA:63,0
DA:64,0
DA:65,0
DA:66,0
DA:69,0
DA:70,0
DA:71,0
DA:73,0
DA:77,0
DA:78,0
DA:79,0
DA:80,0
DA:81,0
DA:84,0
DA:85,0
DA:95,0
DA:97,0
DA:98,0
DA:128,0
DA:139,0
DA:140,0
DA:157,0
DA:182,0
DA:205,0
DA:216,0
LF:58
LH:0
BRDA:22,0,0,0
BRDA:22,0,1,0
BRDA:31,1,0,0
BRDA:31,1,1,0
BRDA:36,2,0,0
BRDA:36,2,1,0
BRDA:41,3,0,0
BRDA:41,3,1,0
BRDA:46,4,0,0
BRDA:46,4,1,0
BRDA:52,5,0,0
BRDA:59,6,0,0
BRDA:59,6,1,0
BRDA:59,7,0,0
BRDA:59,7,1,0
BRDA:61,8,0,0
BRDA:61,8,1,0
BRDA:62,9,0,0
BRDA:62,9,1,0
BRDA:62,10,0,0
BRDA:62,10,1,0
BRDA:63,11,0,0
BRDA:63,11,1,0
BRDA:84,12,0,0
BRDA:84,12,1,0
BRDA:84,13,0,0
BRDA:84,13,1,0
BRDA:97,14,0,0
BRDA:97,14,1,0
BRDA:97,15,0,0
BRDA:97,15,1,0
BRDA:139,16,0,0
BRDA:139,16,1,0
BRDA:139,17,0,0
BRDA:139,17,1,0
BRDA:171,18,0,0
BRDA:171,18,1,0
BRDA:180,19,0,0
BRDA:180,19,1,0
BRDA:183,20,0,0
BRDA:183,20,1,0
BRDA:203,21,0,0
BRDA:203,21,1,0
BRDA:206,22,0,0
BRDA:206,22,1,0
BRDA:216,23,0,0
BRDA:216,23,1,0
BRDA:220,24,0,0
BRDA:220,24,1,0
BRDA:220,24,2,0
BRF:50
BRH:0
end_of_record
TN:
SF:src\screens\LoginScreen.jsx
FNF:0
FNH:0
LF:0
LH:0
BRF:0
BRH:0
end_of_record
TN:
SF:src\screens\MarketScreen.jsx
FN:10,MarketScreen
FN:31,(anonymous_1)
FN:50,(anonymous_2)
FNF:3
FNH:0
FNDA:0,MarketScreen
FNDA:0,(anonymous_1)
FNDA:0,(anonymous_2)
DA:11,0
DA:12,0
DA:13,0
DA:15,0
DA:17,0
DA:31,0
DA:50,0
LF:7
LH:0
BRDA:29,0,0,0
BRDA:29,0,1,0
BRDA:36,1,0,0
BRDA:36,1,1,0
BRDA:48,2,0,0
BRDA:48,2,1,0
BRDA:55,3,0,0
BRDA:55,3,1,0
BRDA:67,4,0,0
BRDA:67,4,1,0
BRF:10
BRH:0
end_of_record
TN:
SF:src\screens\ProfileScreen.jsx
FN:20,ProfileScreen
FN:49,(anonymous_1)
FN:59,(anonymous_2)
FN:81,(anonymous_3)
FN:101,(anonymous_4)
FN:118,(anonymous_5)
FN:126,(anonymous_6)
FN:172,(anonymous_7)
FN:189,(anonymous_8)
FN:210,(anonymous_9)
FNF:10
FNH:0
FNDA:0,ProfileScreen
FNDA:0,(anonymous_1)
FNDA:0,(anonymous_2)
FNDA:0,(anonymous_3)
FNDA:0,(anonymous_4)
FNDA:0,(anonymous_5)
FNDA:0,(anonymous_6)
FNDA:0,(anonymous_7)
FNDA:0,(anonymous_8)
FNDA:0,(anonymous_9)
DA:21,0
DA:22,0
DA:23,0
DA:24,0
DA:25,0
DA:26,0
DA:28,0
DA:29,0
DA:49,0
DA:59,0
DA:81,0
DA:82,0
DA:83,0
DA:84,0
DA:88,0
DA:90,0
DA:96,0
DA:97,0
DA:101,0
DA:102,0
DA:103,0
DA:104,0
DA:105,0
DA:107,0
DA:113,0
DA:114,0
DA:118,0
DA:119,0
DA:120,0
DA:121,0
DA:127,0
DA:128,0
DA:132,0
DA:140,0
DA:172,0
DA:189,0
DA:210,0
LF:37
LH:0
BRDA:28,0,0,0
BRDA:28,0,1,0
BRDA:83,1,0,0
BRDA:83,1,1,0
BRDA:96,2,0,0
BRDA:96,2,1,0
BRDA:103,3,0,0
BRDA:103,3,1,0
BRDA:113,4,0,0
BRDA:113,4,1,0
BRDA:120,5,0,0
BRDA:120,5,1,0
BRDA:127,6,0,0
BRDA:127,6,1,0
BRDA:128,7,0,0
BRDA:128,7,1,0
BRDA:146,8,0,0
BRDA:146,8,1,0
BRDA:181,9,0,0
BRDA:181,9,1,0
BRF:20
BRH:0
end_of_record
TN:
SF:src\screens\SettingsScreen.jsx
FN:10,SettingsScreen
FN:17,(anonymous_1)
FN:23,(anonymous_2)
FNF:3
FNH:0
FNDA:0,SettingsScreen
FNDA:0,(anonymous_1)
FNDA:0,(anonymous_2)
DA:11,0
DA:12,0
DA:13,0
DA:14,0
DA:15,0
DA:17,0
DA:18,0
DA:24,0
DA:25,0
DA:26,0
DA:31,0
DA:38,0
LF:12
LH:0
BRDA:55,0,0,0
BRDA:55,0,1,0
BRDA:64,1,0,0
BRDA:64,1,1,0
BRF:4
BRH:0
end_of_record
TN:
SF:src\screens\SignupScreen.jsx
FNF:0
FNH:0
LF:0
LH:0
BRF:0
BRH:0
end_of_record
TN:
SF:src\screens\UserFormScreen.jsx
FN:20,UserFormScreen
FN:38,(anonymous_1)
FN:42,(anonymous_2)
FN:65,(anonymous_3)
FN:89,(anonymous_4)
FN:173,(anonymous_5)
FNF:6
FNH:0
FNDA:0,UserFormScreen
FNDA:0,(anonymous_1)
FNDA:0,(anonymous_2)
FNDA:0,(anonymous_3)
FNDA:0,(anonymous_4)
FNDA:0,(anonymous_5)
DA:21,0
DA:22,0
DA:23,0
DA:24,0
DA:25,0
DA:27,0
DA:28,0
DA:29,0
DA:30,0
DA:31,0
DA:32,0
DA:33,0
DA:34,0
DA:36,0
DA:38,0
DA:39,0
DA:42,0
DA:43,0
DA:44,0
DA:45,0
DA:47,0
DA:48,0
DA:49,0
DA:50,0
DA:51,0
DA:53,0
DA:55,0
DA:56,0
DA:57,0
DA:58,0
DA:59,0
DA:61,0
DA:65,0
DA:66,0
DA:68,0
DA:69,0
DA:70,0
DA:73,0
DA:75,0
DA:76,0
DA:84,0
DA:86,0
DA:89,0
DA:93,0
DA:99,0
DA:103,0
DA:104,0
DA:123,0
DA:173,0
LF:49
LH:0
BRDA:47,0,0,0
BRDA:47,0,1,0
BRDA:48,1,0,0
BRDA:48,1,1,0
BRDA:49,2,0,0
BRDA:49,2,1,0
BRDA:50,3,0,0
BRDA:50,3,1,0
BRDA:51,4,0,0
BRDA:51,4,1,0
BRDA:55,5,0,0
BRDA:55,5,1,0
BRDA:56,6,0,0
BRDA:56,6,1,0
BRDA:57,7,0,0
BRDA:57,7,1,0
BRDA:58,8,0,0
BRDA:58,8,1,0
BRDA:59,9,0,0
BRDA:59,9,1,0
BRDA:68,10,0,0
BRDA:68,10,1,0
BRDA:68,11,0,0
BRDA:68,11,1,0
BRDA:68,11,2,0
BRDA:94,12,0,0
BRDA:94,12,1,0
BRDA:94,12,2,0
BRDA:103,13,0,0
BRDA:103,13,1,0
BRDA:173,14,0,0
BRDA:173,14,1,0
BRDA:206,15,0,0
BRDA:206,15,1,0
BRDA:238,16,0,0
BRDA:238,16,1,0
BRF:36
BRH:0
end_of_record
TN:
SF:src\services\adminService.js
FN:5,(anonymous_0)
FN:18,(anonymous_1)
FN:28,(anonymous_2)
FN:47,(anonymous_3)
FNF:4
FNH:0
FNDA:0,(anonymous_0)
FNDA:0,(anonymous_1)
FNDA:0,(anonymous_2)
FNDA:0,(anonymous_3)
DA:4,0
DA:6,0
DA:7,0
DA:11,0
DA:13,0
DA:14,0
DA:19,0
DA:20,0
DA:21,0
DA:23,0
DA:24,0
DA:29,0
DA:30,0
DA:35,0
DA:37,0
DA:39,0
DA:40,0
DA:43,0
DA:48,0
DA:49,0
DA:50,0
DA:52,0
DA:53,0
LF:23
LH:0
BRDA:5,0,0,0
BRDA:5,1,0,0
BRDA:39,2,0,0
BRDA:39,2,1,0
BRF:4
BRH:0
end_of_record
TN:
SF:src\services\analyticsService.js
FN:4,(anonymous_0)
FN:14,(anonymous_1)
FNF:2
FNH:0
FNDA:0,(anonymous_0)
FNDA:0,(anonymous_1)
DA:3,0
DA:5,0
DA:6,0
DA:7,0
DA:9,0
DA:10,0
DA:15,0
DA:16,0
DA:17,0
DA:19,0
DA:20,0
LF:11
LH:0
BRF:0
BRH:0
end_of_record
TN:
SF:src\services\api.js
FN:24,(anonymous_0)
FN:33,(anonymous_1)
FN:38,(anonymous_2)
FN:45,(anonymous_3)
FN:49,(anonymous_4)
FN:59,(anonymous_5)
FN:64,(anonymous_6)
FNF:7
FNH:0
FNDA:0,(anonymous_0)
FNDA:0,(anonymous_1)
FNDA:0,(anonymous_2)
FNDA:0,(anonymous_3)
FNDA:0,(anonymous_4)
FNDA:0,(anonymous_5)
FNDA:0,(anonymous_6)
DA:5,0
DA:13,0
DA:15,0
DA:17,0
DA:23,0
DA:25,0
DA:26,0
DA:27,0
DA:29,0
DA:31,0
DA:33,0
DA:37,0
DA:39,0
DA:40,0
DA:41,0
DA:43,0
DA:45,0
DA:49,0
DA:50,0
DA:51,0
DA:52,0
DA:55,0
DA:58,0
DA:59,0
DA:63,0
DA:64,0
LF:26
LH:0
BRDA:26,0,0,0
BRDA:26,0,1,0
BRDA:40,1,0,0
BRDA:40,1,1,0
BRDA:50,2,0,0
BRDA:50,2,1,0
BRF:6
BRH:0
end_of_record
TN:
SF:src\services\authService.js
FN:6,(anonymous_0)
FN:11,(anonymous_1)
FNF:2
FNH:0
FNDA:0,(anonymous_0)
FNDA:0,(anonymous_1)
DA:5,0
DA:7,0
DA:8,0
DA:12,0
DA:19,0
DA:20,0
DA:21,0
DA:22,0
DA:23,0
DA:24,0
DA:25,0
DA:27,0
DA:28,0
DA:29,0
DA:32,0
DA:33,0
DA:36,0
DA:37,0
DA:39,0
LF:19
LH:0
BRDA:19,0,0,0
BRDA:19,0,1,0
BRDA:20,1,0,0
BRDA:20,1,1,0
BRDA:23,2,0,0
BRDA:23,2,1,0
BRDA:23,3,0,0
BRDA:23,3,1,0
BRDA:27,4,0,0
BRDA:27,4,1,0
BRDA:32,5,0,0
BRDA:32,5,1,0
BRDA:32,6,0,0
BRDA:32,6,1,0
BRF:14
BRH:0
end_of_record
TN:
SF:src\services\favoritesService.js
FN:4,(anonymous_0)
FN:16,(anonymous_1)
FN:26,(anonymous_2)
FNF:3
FNH:0
FNDA:0,(anonymous_0)
FNDA:0,(anonymous_1)
FNDA:0,(anonymous_2)
DA:3,0
DA:5,0
DA:6,0
DA:9,0
DA:11,0
DA:12,0
DA:17,0
DA:18,0
DA:19,0
DA:21,0
DA:22,0
DA:27,0
DA:28,0
DA:29,0
DA:31,0
DA:32,0
LF:16
LH:0
BRDA:4,0,0,0
BRDA:4,1,0,0
BRF:2
BRH:0
end_of_record
TN:
SF:src\services\jobsService.js
FN:5,(anonymous_0)
FN:16,(anonymous_1)
FN:22,(anonymous_2)
FN:39,(anonymous_3)
FN:52,(anonymous_4)
FN:63,(anonymous_5)
FNF:6
FNH:0
FNDA:0,(anonymous_0)
FNDA:0,(anonymous_1)
FNDA:0,(anonymous_2)
FNDA:0,(anonymous_3)
FNDA:0,(anonymous_4)
FNDA:0,(anonymous_5)
DA:3,0
DA:6,0
DA:7,0
DA:8,0
DA:9,0
DA:11,0
DA:12,0
DA:15,0
DA:16,0
DA:17,0
DA:21,0
DA:22,0
DA:23,0
DA:27,0
DA:29,0
DA:31,0
DA:33,0
DA:34,0
DA:40,0
DA:41,0
DA:44,0
DA:46,0
DA:47,0
DA:53,0
DA:54,0
DA:55,0
DA:57,0
DA:58,0
DA:64,0
DA:65,0
DA:66,0
DA:68,0
DA:69,0
LF:33
LH:0
BRDA:5,0,0,0
BRDA:5,1,0,0
BRDA:5,2,0,0
BRDA:11,3,0,0
BRDA:11,3,1,0
BRDA:15,4,0,0
BRDA:15,4,1,0
BRDA:15,5,0,0
BRDA:15,5,1,0
BRDA:21,6,0,0
BRDA:21,6,1,0
BRDA:21,7,0,0
BRDA:21,7,1,0
BRDA:39,8,0,0
BRF:14
BRH:0
end_of_record
TN:
SF:src\services\userService.js
FN:4,(anonymous_0)
FN:14,(anonymous_1)
FNF:2
FNH:0
FNDA:0,(anonymous_0)
FNDA:0,(anonymous_1)
DA:3,0
DA:5,0
DA:6,0
DA:7,0
DA:9,0
DA:10,0
DA:15,0
DA:16,0
DA:17,0
DA:19,0
DA:20,0
LF:11
LH:0
BRF:0
BRH:0
end_of_record
TN:
SF:src\styles\index.js
FNF:0
FNH:0
LF:0
LH:0
BRF:0
BRH:0
end_of_record
TN:
SF:src\styles\spacing.js
FNF:0
FNH:0
DA:1,0
DA:12,0
DA:21,0
LF:3
LH:0
BRF:0
BRH:0
end_of_record
TN:
SF:src\styles\theme.js
FN:26,(anonymous_0)
FNF:1
FNH:0
FNDA:0,(anonymous_0)
DA:6,0
DA:26,0
DA:27,0
DA:29,0
DA:30,0
DA:33,0
LF:6
LH:0
BRDA:29,0,0,0
BRDA:29,0,1,0
BRF:2
BRH:0
end_of_record
TN:
SF:src\styles\typography.js
FNF:0
FNH:0
DA:1,0
LF:1
LH:0
BRF:0
BRH:0
end_of_record
TN:
SF:src\styles\colors\dark.js
FNF:0
FNH:0
DA:1,0
LF:1
LH:0
BRF:0
BRH:0
end_of_record
TN:
SF:src\styles\colors\index.js
FN:5,(anonymous_0)
FNF:1
FNH:0
FNDA:0,(anonymous_0)
DA:5,0
DA:6,0
DA:7,0
LF:3
LH:0
BRDA:7,0,0,0
BRDA:7,0,1,0
BRF:2
BRH:0
end_of_record
TN:
SF:src\styles\colors\light.js
FNF:0
FNH:0
DA:1,0
LF:1
LH:0
BRF:0
BRH:0
end_of_record
TN:
SF:src\styles\components\JobHeaderStyles.js
FN:3,(anonymous_0)
FNF:1
FNH:0
FNDA:0,(anonymous_0)
DA:3,0
DA:4,0
LF:2
LH:0
BRF:0
BRH:0
end_of_record
TN:
SF:src\styles\components\backHeaderStyles.js
FN:3,(anonymous_0)
FNF:1
FNH:0
FNDA:0,(anonymous_0)
DA:3,0
LF:1
LH:0
BRF:0
BRH:0
end_of_record
TN:
SF:src\styles\components\buttonStyles.js
FN:3,(anonymous_0)
FNF:1
FNH:0
FNDA:0,(anonymous_0)
DA:3,0
LF:1
LH:0
BRF:0
BRH:0
end_of_record
TN:
SF:src\styles\components\chartsStyles.js
FN:4,(anonymous_0)
FN:50,(anonymous_1)
FN:95,(anonymous_2)
FN:146,(anonymous_3)
FN:191,(anonymous_4)
FN:258,(anonymous_5)
FN:302,(anonymous_6)
FN:348,(anonymous_7)
FNF:8
FNH:0
FNDA:0,(anonymous_0)
FNDA:0,(anonymous_1)
FNDA:0,(anonymous_2)
FNDA:0,(anonymous_3)
FNDA:0,(anonymous_4)
FNDA:0,(anonymous_5)
FNDA:0,(anonymous_6)
FNDA:0,(anonymous_7)
DA:4,0
DA:50,0
DA:51,0
DA:53,0
DA:95,0
DA:96,0
DA:98,0
DA:146,0
DA:147,0
DA:149,0
DA:191,0
DA:192,0
DA:194,0
DA:258,0
DA:259,0
DA:261,0
DA:302,0
DA:303,0
DA:305,0
DA:348,0
DA:349,0
DA:351,0
LF:22
LH:0
BRDA:19,0,0,0
BRDA:19,0,1,0
BRDA:28,1,0,0
BRDA:28,1,1,0
BRDA:29,2,0,0
BRDA:29,2,1,0
BRDA:360,3,0,0
BRDA:360,3,1,0
BRDA:364,4,0,0
BRDA:364,4,1,0
BRDA:365,5,0,0
BRDA:365,5,1,0
BRDA:371,6,0,0
BRDA:371,6,1,0
BRF:14
BRH:0
end_of_record
TN:
SF:src\styles\components\gridStyles.js
FNF:0
FNH:0
DA:3,0
LF:1
LH:0
BRF:0
BRH:0
end_of_record
TN:
SF:src\styles\components\jobCardStyles.js
FN:3,(anonymous_0)
FNF:1
FNH:0
FNDA:0,(anonymous_0)
DA:3,0
LF:1
LH:0
BRF:0
BRH:0
end_of_record
TN:
SF:src\styles\components\searchBarStyles.js
FN:5,(anonymous_0)
FNF:1
FNH:0
FNDA:0,(anonymous_0)
DA:3,0
DA:5,0
LF:2
LH:0
BRF:0
BRH:0
end_of_record
TN:
SF:src\styles\components\tagStyles.js
FN:3,(anonymous_0)
FNF:1
FNH:0
FNDA:0,(anonymous_0)
DA:3,0
LF:1
LH:0
BRDA:3,0,0,0
BRDA:10,1,0,0
BRDA:10,1,1,0
BRDA:11,2,0,0
BRDA:11,2,1,0
BRF:5
BRH:0
end_of_record
TN:
SF:src\styles\screens\adminStyles.js
FN:3,(anonymous_0)
FNF:1
FNH:0
FNDA:0,(anonymous_0)
DA:3,0
LF:1
LH:0
BRF:0
BRH:0
end_of_record
TN:
SF:src\styles\screens\analyticsStyles.js
FN:3,(anonymous_0)
FNF:1
FNH:0
FNDA:0,(anonymous_0)
DA:3,0
LF:1
LH:0
BRDA:38,0,0,0
BRDA:38,0,1,0
BRDA:140,1,0,0
BRDA:140,1,1,0
BRF:4
BRH:0
end_of_record
TN:
SF:src\styles\screens\authStyles.js
FN:5,(anonymous_0)
FNF:1
FNH:0
FNDA:0,(anonymous_0)
DA:3,0
DA:5,0
DA:6,0
LF:3
LH:0
BRF:0
BRH:0
end_of_record
TN:
SF:src\styles\screens\detailsStyles.js
FN:4,(anonymous_0)
FNF:1
FNH:0
FNDA:0,(anonymous_0)
DA:4,0
DA:5,0
LF:2
LH:0
BRF:0
BRH:0
end_of_record
TN:
SF:src\styles\screens\favoritesStyles.js
FN:3,(anonymous_0)
FNF:1
FNH:0
FNDA:0,(anonymous_0)
DA:3,0
DA:4,0
LF:2
LH:0
BRF:0
BRH:0
end_of_record
TN:
SF:src\styles\screens\homeStyles.js
FN:3,(anonymous_0)
FNF:1
FNH:0
FNDA:0,(anonymous_0)
DA:3,0
LF:1
LH:0
BRF:0
BRH:0
end_of_record
TN:
SF:src\styles\screens\profileStyles.js
FN:3,(anonymous_0)
FNF:1
FNH:0
FNDA:0,(anonymous_0)
DA:3,0
DA:4,0
LF:2
LH:0
BRF:0
BRH:0
end_of_record
TN:
SF:src\styles\screens\screenStyles.js
FN:3,(anonymous_0)
FNF:1
FNH:0
FNDA:0,(anonymous_0)
DA:3,0
LF:1
LH:0
BRF:0
BRH:0
end_of_record
TN:
SF:src\styles\screens\settingsStyles.js
FN:3,(anonymous_0)
FNF:1
FNH:0
FNDA:0,(anonymous_0)
DA:3,0
LF:1
LH:0
BRF:0
BRH:0
end_of_record
TN:
SF:src\styles\screens\userFormStyles.js
FN:3,(anonymous_0)
FNF:1
FNH:0
FNDA:0,(anonymous_0)
DA:3,0
LF:1
LH:0
BRF:0
BRH:0
end_of_record
